Log file open, 05/29/18 17:29:25
LogWindows: Failed to load 'aqProf.dll' (GetLastError=126)
LogWindows: File 'aqProf.dll' does not exist
LogWindows: Failed to load 'VSPerf140.dll' (GetLastError=126)
LogWindows: File 'VSPerf140.dll' does not exist
LogWindows: Failed to load 'VtuneApi.dll' (GetLastError=126)
LogWindows: File 'VtuneApi.dll' does not exist
LogWindows: Failed to load 'VtuneApi32e.dll' (GetLastError=126)
LogWindows: File 'VtuneApi32e.dll' does not exist
LogInit: Display: Running engine for game: Pong
LogPlatformFile: Not using cached read wrapper
LogInit: Display: RandInit(146010968) SRandInit(146010968).
LogInit: Read version file with build ID '3709383'
LogInit: Overriding engine version to CL 3832480, compatible CL 3709383
LogInit: Registered custom module enumerator with build ID '3709383'
LogTaskGraph: Started task graph with 5 named threads and 14 total threads with 3 sets of task threads.
LogStats: Stats thread started at 0.156898
LogD3D11RHI: Aftermath initialized
LogModuleManager: Display: Found up-to-date module file ../../../Engine/Plugins/2D/Paper2D/Binaries/Win64/UE4Editor-Paper2D.dll (API version 3709383).
LogModuleManager: Display: Found up-to-date module file ../../../Engine/Plugins/2D/Paper2D/Binaries/Win64/UE4Editor-Paper2DEditor.dll (API version 3709383).
LogModuleManager: Display: Found up-to-date module file ../../../Engine/Plugins/2D/Paper2D/Binaries/Win64/UE4Editor-PaperSpriteSheetImporter.dll (API version 3709383).
LogModuleManager: Display: Found up-to-date module file ../../../Engine/Plugins/2D/Paper2D/Binaries/Win64/UE4Editor-PaperTiledImporter.dll (API version 3709383).
LogModuleManager: Display: Found up-to-date module file ../../../Engine/Plugins/2D/Paper2D/Binaries/Win64/UE4Editor-SmartSnapping.dll (API version 3709383).
LogModuleManager: Display: Found up-to-date module file ../../../Engine/Plugins/Blendables/LightPropagationVolume/Binaries/Win64/UE4Editor-LightPropagationVolumeRuntime.dll (API version 3709383).
LogModuleManager: Display: Found up-to-date module file ../../../Engine/Plugins/Blendables/LightPropagationVolume/Binaries/Win64/UE4Editor-LightPropagationVolumeEditor.dll (API version 3709383).
LogModuleManager: Display: Found up-to-date module file ../../../Engine/Plugins/Developer/GitSourceControl/Binaries/Win64/UE4Editor-GitSourceControl.dll (API version 3709383).
LogModuleManager: Display: Found up-to-date module file ../../../Engine/Plugins/Developer/PerforceSourceControl/Binaries/Win64/UE4Editor-PerforceSourceControl.dll (API version 3709383).
LogModuleManager: Display: Found up-to-date module file ../../../Engine/Plugins/Developer/SubversionSourceControl/Binaries/Win64/UE4Editor-SubversionSourceControl.dll (API version 3709383).
LogModuleManager: Display: Found up-to-date module file ../../../Engine/Plugins/Developer/UObjectPlugin/Binaries/Win64/UE4Editor-UObjectPlugin.dll (API version 3709383).
LogModuleManager: Display: Found up-to-date module file ../../../Engine/Plugins/Developer/VisualStudioCodeSourceCodeAccess/Binaries/Win64/UE4Editor-VisualStudioCodeSourceCodeAccess.dll (API version 3709383).
LogModuleManager: Display: Found up-to-date module file ../../../Engine/Plugins/Developer/VisualStudioSourceCodeAccess/Binaries/Win64/UE4Editor-VisualStudioSourceCodeAccess.dll (API version 3709383).
LogModuleManager: Display: Found up-to-date module file ../../../Engine/Plugins/Editor/AssetManagerEditor/Binaries/Win64/UE4Editor-AssetManagerEditor.dll (API version 3709383).
LogModuleManager: Display: Found up-to-date module file ../../../Engine/Plugins/Editor/AudioCapture/Binaries/Win64/UE4Editor-AudioCapture.dll (API version 3709383).
LogModuleManager: Display: Found up-to-date module file ../../../Engine/Plugins/Editor/FacialAnimation/Binaries/Win64/UE4Editor-FacialAnimation.dll (API version 3709383).
LogModuleManager: Display: Found up-to-date module file ../../../Engine/Plugins/Editor/FacialAnimation/Binaries/Win64/UE4Editor-FacialAnimationEditor.dll (API version 3709383).
LogModuleManager: Display: Found up-to-date module file ../../../Engine/Plugins/Editor/GameplayTagsEditor/Binaries/Win64/UE4Editor-GameplayTagsEditor.dll (API version 3709383).
LogModuleManager: Display: Found up-to-date module file ../../../Engine/Plugins/Editor/MobileLauncherProfileWizard/Binaries/Win64/UE4Editor-MobileLauncherProfileWizard.dll (API version 3709383).
LogModuleManager: Display: Found up-to-date module file ../../../Engine/Plugins/Editor/PluginBrowser/Binaries/Win64/UE4Editor-PluginBrowser.dll (API version 3709383).
LogModuleManager: Display: Found up-to-date module file ../../../Engine/Plugins/Editor/SpeedTreeImporter/Binaries/Win64/UE4Editor-SpeedTreeImporter.dll (API version 3709383).
LogModuleManager: Display: Found up-to-date module file ../../../Engine/Plugins/Experimental/AlembicImporter/Binaries/Win64/UE4Editor-AlembicImporter.dll (API version 3709383).
LogModuleManager: Display: Found up-to-date module file ../../../Engine/Plugins/Experimental/AlembicImporter/Binaries/Win64/UE4Editor-AlembicLibrary.dll (API version 3709383).
LogModuleManager: Display: Found up-to-date module file ../../../Engine/Plugins/Experimental/CharacterAI/Binaries/Win64/UE4Editor-CharacterAI.dll (API version 3709383).
LogModuleManager: Display: Found up-to-date module file ../../../Engine/Plugins/Experimental/HTML5Networking/Binaries/Win64/UE4Editor-HTML5Networking.dll (API version 3709383).
LogModuleManager: Display: Found up-to-date module file ../../../Engine/Plugins/Media/AndroidMedia/Binaries/Win64/UE4Editor-AndroidMediaEditor.dll (API version 3709383).
LogModuleManager: Display: Found up-to-date module file ../../../Engine/Plugins/Media/AndroidMedia/Binaries/Win64/UE4Editor-AndroidMediaFactory.dll (API version 3709383).
LogModuleManager: Display: Found up-to-date module file ../../../Engine/Plugins/Media/AvfMedia/Binaries/Win64/UE4Editor-AvfMediaEditor.dll (API version 3709383).
LogModuleManager: Display: Found up-to-date module file ../../../Engine/Plugins/Media/AvfMedia/Binaries/Win64/UE4Editor-AvfMediaFactory.dll (API version 3709383).
LogModuleManager: Display: Found up-to-date module file ../../../Engine/Plugins/Media/AvfMedia/Binaries/Win64/UE4Editor-AvfMediaFactory.dll (API version 3709383).
LogModuleManager: Display: Found up-to-date module file ../../../Engine/Plugins/Media/ImgMedia/Binaries/Win64/UE4Editor-ImgMedia.dll (API version 3709383).
LogModuleManager: Display: Found up-to-date module file ../../../Engine/Plugins/Media/ImgMedia/Binaries/Win64/UE4Editor-ImgMediaEditor.dll (API version 3709383).
LogModuleManager: Display: Found up-to-date module file ../../../Engine/Plugins/Media/ImgMedia/Binaries/Win64/UE4Editor-ImgMediaFactory.dll (API version 3709383).
LogModuleManager: Display: Found up-to-date module file ../../../Engine/Plugins/Media/ImgMedia/Binaries/Win64/UE4Editor-ImgMediaFactory.dll (API version 3709383).
LogModuleManager: Display: Found up-to-date module file ../../../Engine/Plugins/Media/ImgMedia/Binaries/Win64/UE4Editor-OpenExrWrapper.dll (API version 3709383).
LogModuleManager: Display: Found up-to-date module file ../../../Engine/Plugins/Media/MediaCompositing/Binaries/Win64/UE4Editor-MediaCompositing.dll (API version 3709383).
LogModuleManager: Display: Found up-to-date module file ../../../Engine/Plugins/Media/MediaCompositing/Binaries/Win64/UE4Editor-MediaCompositingEditor.dll (API version 3709383).
LogModuleManager: Display: Found up-to-date module file ../../../Engine/Plugins/Media/MediaPlayerEditor/Binaries/Win64/UE4Editor-MediaPlayerEditor.dll (API version 3709383).
LogModuleManager: Display: Found up-to-date module file ../../../Engine/Plugins/Media/WmfMedia/Binaries/Win64/UE4Editor-WmfMedia.dll (API version 3709383).
LogModuleManager: Display: Found up-to-date module file ../../../Engine/Plugins/Media/WmfMedia/Binaries/Win64/UE4Editor-WmfMediaEditor.dll (API version 3709383).
LogModuleManager: Display: Found up-to-date module file ../../../Engine/Plugins/Media/WmfMedia/Binaries/Win64/UE4Editor-WmfMediaFactory.dll (API version 3709383).
LogModuleManager: Display: Found up-to-date module file ../../../Engine/Plugins/Media/WmfMedia/Binaries/Win64/UE4Editor-WmfMediaFactory.dll (API version 3709383).
LogModuleManager: Display: Found up-to-date module file ../../../Engine/Plugins/Messaging/TcpMessaging/Binaries/Win64/UE4Editor-TcpMessaging.dll (API version 3709383).
LogModuleManager: Display: Found up-to-date module file ../../../Engine/Plugins/Messaging/UdpMessaging/Binaries/Win64/UE4Editor-UdpMessaging.dll (API version 3709383).
LogModuleManager: Display: Found up-to-date module file ../../../Engine/Plugins/MovieScene/ActorSequence/Binaries/Win64/UE4Editor-ActorSequence.dll (API version 3709383).
LogModuleManager: Display: Found up-to-date module file ../../../Engine/Plugins/MovieScene/LevelSequenceEditor/Binaries/Win64/UE4Editor-LevelSequenceEditor.dll (API version 3709383).
LogModuleManager: Display: Found up-to-date module file ../../../Engine/Plugins/MovieScene/MatineeToLevelSequence/Binaries/Win64/UE4Editor-MatineeToLevelSequence.dll (API version 3709383).
LogModuleManager: Display: Found up-to-date module file ../../../Engine/Plugins/Online/OnlineSubsystem/Binaries/Win64/UE4Editor-OnlineSubsystem.dll (API version 3709383).
LogModuleManager: Display: Found up-to-date module file ../../../Engine/Plugins/Runtime/AndroidPermission/Binaries/Win64/UE4Editor-AndroidPermission.dll (API version 3709383).
LogModuleManager: Display: Found up-to-date module file ../../../Engine/Plugins/Online/OnlineSubsystemNull/Binaries/Win64/UE4Editor-OnlineSubsystemNull.dll (API version 3709383).
LogModuleManager: Display: Found up-to-date module file ../../../Engine/Plugins/Online/OnlineSubsystemUtils/Binaries/Win64/UE4Editor-OnlineSubsystemUtils.dll (API version 3709383).
LogModuleManager: Display: Found up-to-date module file ../../../Engine/Plugins/Online/OnlineSubsystemUtils/Binaries/Win64/UE4Editor-OnlineBlueprintSupport.dll (API version 3709383).
LogModuleManager: Display: Found up-to-date module file ../../../Engine/Plugins/Runtime/AndroidDeviceProfileSelector/Binaries/Win64/UE4Editor-AndroidDeviceProfileSelector.dll (API version 3709383).
LogModuleManager: Display: Found up-to-date module file ../../../Engine/Plugins/Runtime/AppleARKit/Binaries/Win64/UE4Editor-AppleARKit.dll (API version 3709383).
LogModuleManager: Display: Found up-to-date module file ../../../Engine/Plugins/Runtime/ArchVisCharacter/Binaries/Win64/UE4Editor-ArchVisCharacter.dll (API version 3709383).
LogModuleManager: Display: Found up-to-date module file ../../../Engine/Plugins/Runtime/CableComponent/Binaries/Win64/UE4Editor-CableComponent.dll (API version 3709383).
LogModuleManager: Display: Found up-to-date module file ../../../Engine/Plugins/Runtime/CustomMeshComponent/Binaries/Win64/UE4Editor-CustomMeshComponent.dll (API version 3709383).
LogModuleManager: Display: Found up-to-date module file ../../../Engine/Plugins/Runtime/ExampleDeviceProfileSelector/Binaries/Win64/UE4Editor-ExampleDeviceProfileSelector.dll (API version 3709383).
LogModuleManager: Display: Found up-to-date module file ../../../Engine/Plugins/Runtime/ImmediatePhysics/Binaries/Win64/UE4Editor-ImmediatePhysics.dll (API version 3709383).
LogModuleManager: Display: Found up-to-date module file ../../../Engine/Plugins/Runtime/ImmediatePhysics/Binaries/Win64/UE4Editor-ImmediatePhysicsEditor.dll (API version 3709383).
LogModuleManager: Display: Found up-to-date module file ../../../Engine/Plugins/Runtime/LocationServicesBPLibrary/Binaries/Win64/UE4Editor-LocationServicesBPLibrary.dll (API version 3709383).
LogModuleManager: Display: Found up-to-date module file ../../../Engine/Plugins/Runtime/MobilePatchingUtils/Binaries/Win64/UE4Editor-MobilePatchingUtils.dll (API version 3709383).
LogModuleManager: Display: Found up-to-date module file ../../../Engine/Plugins/Runtime/Oculus/OculusVR/Binaries/Win64/UE4Editor-OculusHMD.dll (API version 3709383).
LogModuleManager: Display: Found up-to-date module file ../../../Engine/Plugins/Runtime/Oculus/OculusVR/Binaries/Win64/UE4Editor-OculusInput.dll (API version 3709383).
LogModuleManager: Display: Found up-to-date module file ../../../Engine/Plugins/Runtime/Oculus/OculusVR/Binaries/Win64/UE4Editor-OculusEditor.dll (API version 3709383).
LogModuleManager: Display: Found up-to-date module file ../../../Engine/Plugins/Runtime/PhysXVehicles/Binaries/Win64/UE4Editor-PhysXVehicles.dll (API version 3709383).
LogModuleManager: Display: Found up-to-date module file ../../../Engine/Plugins/Runtime/PhysXVehicles/Binaries/Win64/UE4Editor-PhysXVehiclesEditor.dll (API version 3709383).
LogModuleManager: Display: Found up-to-date module file ../../../Engine/Plugins/Runtime/ProceduralMeshComponent/Binaries/Win64/UE4Editor-ProceduralMeshComponent.dll (API version 3709383).
LogModuleManager: Display: Found up-to-date module file ../../../Engine/Plugins/Runtime/ProceduralMeshComponent/Binaries/Win64/UE4Editor-ProceduralMeshComponentEditor.dll (API version 3709383).
LogModuleManager: Display: Found up-to-date module file ../../../Engine/Plugins/Runtime/RuntimePhysXCooking/Binaries/Win64/UE4Editor-RuntimePhysXCooking.dll (API version 3709383).
LogModuleManager: Display: Found up-to-date module file ../../../Engine/Plugins/Runtime/Steam/SteamVR/Binaries/Win64/UE4Editor-SteamVR.dll (API version 3709383).
LogModuleManager: Display: Found up-to-date module file ../../../Engine/Plugins/Runtime/Steam/SteamVR/Binaries/Win64/UE4Editor-SteamVRController.dll (API version 3709383).
LogModuleManager: Display: Found up-to-date module file ../../../Engine/Plugins/Runtime/WindowsMoviePlayer/Binaries/Win64/UE4Editor-WindowsMoviePlayer.dll (API version 3709383).
LogPluginManager: Mounting plugin Paper2D
LogPluginManager: Mounting plugin LightPropagationVolume
LogPluginManager: Mounting plugin CodeLiteSourceCodeAccess
LogPluginManager: Mounting plugin GitSourceControl
LogPluginManager: Mounting plugin KDevelopSourceCodeAccess
LogPluginManager: Mounting plugin NullSourceCodeAccess
LogPluginManager: Mounting plugin PerforceSourceControl
LogPluginManager: Mounting plugin SubversionSourceControl
LogPluginManager: Mounting plugin UObjectPlugin
LogPluginManager: Mounting plugin VisualStudioCodeSourceCodeAccess
LogPluginManager: Mounting plugin VisualStudioSourceCodeAccess
LogPluginManager: Mounting plugin XCodeSourceCodeAccess
LogPluginManager: Mounting plugin AssetManagerEditor
LogPluginManager: Mounting plugin AudioCapture
LogPluginManager: Mounting plugin FacialAnimation
LogPluginManager: Mounting plugin GameplayTagsEditor
LogPluginManager: Mounting plugin MobileLauncherProfileWizard
LogPluginManager: Mounting plugin PluginBrowser
LogPluginManager: Mounting plugin SpeedTreeImporter
LogPluginManager: Mounting plugin AlembicImporter
LogPluginManager: Mounting plugin CharacterAI
LogPluginManager: Mounting plugin HTML5Networking
LogPluginManager: Mounting plugin AndroidMedia
LogPluginManager: Mounting plugin AvfMedia
LogPluginManager: Mounting plugin ImgMedia
LogPluginManager: Mounting plugin MediaCompositing
LogPluginManager: Mounting plugin MediaPlayerEditor
LogPluginManager: Mounting plugin WmfMedia
LogPluginManager: Mounting plugin TcpMessaging
LogPluginManager: Mounting plugin UdpMessaging
LogPluginManager: Mounting plugin ActorSequence
LogPluginManager: Mounting plugin LevelSequenceEditor
LogPluginManager: Mounting plugin MatineeToLevelSequence
LogPluginManager: Mounting plugin OnlineSubsystemGooglePlay
LogPluginManager: Mounting plugin OnlineSubsystemIOS
LogPluginManager: Mounting plugin OnlineSubsystem
LogPluginManager: Mounting plugin OnlineSubsystemNull
LogPluginManager: Mounting plugin OnlineSubsystemUtils
LogPluginManager: Mounting plugin AndroidDeviceProfileSelector
LogPluginManager: Mounting plugin AndroidMoviePlayer
LogPluginManager: Mounting plugin AndroidPermission
LogPluginManager: Mounting plugin AppleARKit
LogPluginManager: Mounting plugin AppleMoviePlayer
LogPluginManager: Mounting plugin ArchVisCharacter
LogPluginManager: Mounting plugin CableComponent
LogPluginManager: Mounting plugin CustomMeshComponent
LogPluginManager: Mounting plugin ExampleDeviceProfileSelector
LogPluginManager: Mounting plugin GoogleCloudMessaging
LogPluginManager: Mounting plugin ImmediatePhysics
LogPluginManager: Mounting plugin IOSDeviceProfileSelector
LogPluginManager: Mounting plugin LinuxDeviceProfileSelector
LogPluginManager: Mounting plugin LocationServicesBPLibrary
LogPluginManager: Mounting plugin MobilePatchingUtils
LogPluginManager: Mounting plugin OculusVR
LogPluginManager: Plugin shader directory ../../../Engine/Plugins/Runtime/Oculus/OculusVR/Shaders found
LogPluginManager: Mapping shader source directory ../../../Engine/Plugins/Runtime/Oculus/OculusVR/Shaders to virtual directory /Plugin/OculusVR
LogPluginManager: Mounting plugin PhysXVehicles
LogPluginManager: Mounting plugin ProceduralMeshComponent
LogPluginManager: Mounting plugin RuntimePhysXCooking
LogPluginManager: Mounting plugin SteamVR
LogPluginManager: Mounting plugin WindowsMoviePlayer
LogInit: Using libcurl 7.47.1
LogInit:  - built for x86_64-pc-win32
LogInit:  - supports SSL with OpenSSL/1.0.2g
LogInit:  - supports HTTP deflate (compression) using libz 1.2.8
LogInit:  - other features:
LogInit:      CURL_VERSION_SSL
LogInit:      CURL_VERSION_LIBZ
LogInit:      CURL_VERSION_IPV6
LogInit:      CURL_VERSION_ASYNCHDNS
LogInit:      CURL_VERSION_LARGEFILE
LogInit:      CURL_VERSION_IDN
LogInit:  CurlRequestOptions (configurable via config and command line):
LogInit:  - bVerifyPeer = false  - Libcurl will NOT verify peer certificate
LogInit:  - bUseHttpProxy = false  - Libcurl will NOT use HTTP proxy
LogInit:  - bDontReuseConnections = false  - Libcurl will reuse connections
LogInit:  - CertBundlePath = nullptr  - Libcurl will use whatever was configured at build time.
LogInit: Build: ++UE4+Release-4.18-CL-3832480
LogInit: Engine Version: 4.18.3-3832480+++UE4+Release-4.18
LogInit: Compatible Engine Version: 4.18.0-3709383+++UE4+Release-4.18
LogInit: Net CL: 3709383
LogDevObjectVersion: Number of dev versions registered: 16
LogDevObjectVersion:   Dev-Blueprints (B0D832E4-1F89-4F0D-ACCF-7EB736FD4AA2): 10
LogDevObjectVersion:   Dev-Build (E1C64328-A22C-4D53-A36C-8E866417BD8C): 0
LogDevObjectVersion:   Dev-Core (375EC13C-06E4-48FB-B500-84F0262A717E): 2
LogDevObjectVersion:   Dev-Editor (E4B068ED-F494-42E9-A231-DA0B2E46BB41): 20
LogDevObjectVersion:   Dev-Framework (CFFC743F-43B0-4480-9391-14DF171D2073): 30
LogDevObjectVersion:   Dev-Mobile (B02B49B5-BB20-44E9-A304-32B752E40360): 0
LogDevObjectVersion:   Dev-Networking (A4E4105C-59A1-49B5-A7C5-40C4547EDFEE): 0
LogDevObjectVersion:   Dev-Online (39C831C9-5AE6-47DC-9A44-9C173E1C8E7C): 0
LogDevObjectVersion:   Dev-Physics (78F01B33-EBEA-4F98-B9B4-84EACCB95AA2): 0
LogDevObjectVersion:   Dev-Platform (6631380F-2D4D-43E0-8009-CF276956A95A): 0
LogDevObjectVersion:   Dev-Rendering (12F88B9F-8875-4AFC-A67C-D90C383ABD29): 20
LogDevObjectVersion:   Dev-Sequencer (7B5AE74C-D270-4C10-A958-57980B212A5A): 4
LogDevObjectVersion:   Dev-VR (D7296918-1DD6-4BDD-9DE2-64A83CC13884): 0
LogDevObjectVersion:   Dev-LoadTimes (C2A15278-BFE7-4AFE-6C17-90FF531DF755): 1
LogDevObjectVersion:   Private-Geometry (6EACA3D4-40EC-4CC1-B786-8BED09428FC5): 1
LogDevObjectVersion:   Dev-AnimPhys (29E575DD-E0A3-4627-9D10-D276232CDCEA): 12
LogInit: Compiled (64-bit): Jan 12 2018 02:04:55
LogInit: Compiled with Visual C++: 19.00.24215.01
LogInit: Build Configuration: Development
LogInit: Branch Name: ++UE4+Release-4.18
LogInit: Command line: -EpicPortal 
LogInit: Base directory: D:/Gdev/Epic Games/UE_4.18/Engine/Binaries/Win64/
LogInit: Installed Engine Build: 1
LogInit: Presizing for max 8388607 objects, including 0 objects not considered by GC, pre-allocating 0 bytes for permanent pool.
LogInit: Object subsystem initialized
[2018.05.29-14.29.26:785][  0]LogInit: Selected Device Profile: [Windows]
[2018.05.29-14.29.26:785][  0]LogInit: Applying CVar settings loaded from the selected device profile: [Windows]
[2018.05.29-14.29.26:795][  0]LogInit: Computer: DESKTOP-97J6FQP
[2018.05.29-14.29.26:795][  0]LogInit: User: BoGoMoL
[2018.05.29-14.29.26:795][  0]LogInit: CPU Page size=4096, Cores=4
[2018.05.29-14.29.26:795][  0]LogInit: High frequency timer resolution =3.515624 MHz
[2018.05.29-14.29.26:795][  0]LogMemory: Memory total: Physical=15.9GB (16GB approx)
[2018.05.29-14.29.26:795][  0]LogMemory: Platform Memory Stats for Windows
[2018.05.29-14.29.26:795][  0]LogMemory: Process Physical Memory: 274.42 MB used, 274.42 MB peak
[2018.05.29-14.29.26:795][  0]LogMemory: Process Virtual Memory: 270.05 MB used, 270.05 MB peak
[2018.05.29-14.29.26:795][  0]LogMemory: Physical Memory: 4940.74 MB used,  11383.07 MB free, 16323.81 MB total
[2018.05.29-14.29.26:795][  0]LogMemory: Virtual Memory: 678.22 MB used,  11383.07 MB free, 134217728.00 MB total
[2018.05.29-14.29.26:883][  0]LogInit: Using OS detected language (ru-RU).
[2018.05.29-14.29.26:883][  0]LogInit: Using OS detected locale (ru-RU).
[2018.05.29-14.29.26:885][  0]LogTextLocalizationManager: No localization for 'ru-RU' exists, so 'en' will be used for the language.
[2018.05.29-14.29.26:885][  0]LogTextLocalizationManager: No localization for 'ru-RU' exists, so 'en' will be used for the locale.
[2018.05.29-14.29.27:214][  0]LogInit: Setting process to per monitor DPI aware
[2018.05.29-14.29.27:407][  0]LogD3D11RHI: D3D11 adapters:
[2018.05.29-14.29.27:449][  0]LogD3D11RHI:    0. 'NVIDIA GeForce GTX 1070' (Feature Level 11_0)
[2018.05.29-14.29.27:449][  0]LogD3D11RHI:       8088/0/8161 MB DedicatedVideo/DedicatedSystem/SharedSystem, Outputs:1, VendorId:0x10de
[2018.05.29-14.29.27:450][  0]LogD3D11RHI:    1. 'Microsoft Basic Render Driver' (Feature Level 11_0)
[2018.05.29-14.29.27:450][  0]LogD3D11RHI:       0/0/8161 MB DedicatedVideo/DedicatedSystem/SharedSystem, Outputs:0, VendorId:0x1414
[2018.05.29-14.29.27:450][  0]LogD3D11RHI: Chosen D3D11 Adapter: 0
[2018.05.29-14.29.27:455][  0]LogD3D11RHI: Creating new Direct3DDevice
[2018.05.29-14.29.27:455][  0]LogD3D11RHI:     GPU DeviceId: 0x1b81 (for the marketing name, search the web for "GPU Device Id")
[2018.05.29-14.29.27:455][  0]LogWindows: EnumDisplayDevices:
[2018.05.29-14.29.27:455][  0]LogWindows:    0. 'NVIDIA GeForce GTX 1070' (P:1 D:1)
[2018.05.29-14.29.27:455][  0]LogWindows:    1. 'NVIDIA GeForce GTX 1070' (P:0 D:0)
[2018.05.29-14.29.27:455][  0]LogWindows:    2. 'NVIDIA GeForce GTX 1070' (P:0 D:0)
[2018.05.29-14.29.27:455][  0]LogWindows:    3. 'NVIDIA GeForce GTX 1070' (P:0 D:0)
[2018.05.29-14.29.27:455][  0]LogWindows: DebugString: GetVideoDriverDetailsInvalid PrimaryIsNotTheChoosenAdapter GetVideoDriverDetailsInvalid PrimaryIsNotTheChoosenAdapter GetVideoDriverDetailsInvalid PrimaryIsNotTheChoosenAdapter GetVideoDriverDetailsInvalid PrimaryIsNotTheChoosenAdapter FoundDriverCount:0 
[2018.05.29-14.29.27:455][  0]LogD3D11RHI:     Adapter Name: NVIDIA GeForce GTX 1070
[2018.05.29-14.29.27:455][  0]LogD3D11RHI:   Driver Version: Unknown (internal:Unknown, unified:Unknown)
[2018.05.29-14.29.27:455][  0]LogD3D11RHI:      Driver Date: Unknown
[2018.05.29-14.29.27:455][  0]LogRHI: Texture pool is 5661 MB (70% of 8088 MB)
[2018.05.29-14.29.27:480][  0]LogD3D11RHI: Async texture creation enabled
[2018.05.29-14.29.27:495][  0]LogD3D11RHI: GPU Timing Frequency: 1000.000000 (Debug: 2 2)
[2018.05.29-14.29.27:543][  0]LogShaderCompilers: Guid format shader working directory is 13 characters bigger than the processId version (../../../../../Unreal Projects/Pong/Intermediate/Shaders/WorkingDirectory/9724/).
[2018.05.29-14.29.27:543][  0]LogShaderCompilers: Cleaned the shader compiler working directory 'C:/Users/BoGoMoL/AppData/Local/Temp/UnrealShaderWorkingDir/EA2C933F409CD52FD4B352AC990ED4B5/'.
[2018.05.29-14.29.27:543][  0]LogShaderCompilers: Display: Using Local Shader Compiler.
[2018.05.29-14.29.28:272][  0]LogTemp: Display: Loaded TP AllDesktopTargetPlatform
[2018.05.29-14.29.28:310][  0]LogTemp: Display: Loaded TP MacClientTargetPlatform
[2018.05.29-14.29.28:350][  0]LogTemp: Display: Loaded TP MacNoEditorTargetPlatform
[2018.05.29-14.29.28:392][  0]LogTemp: Display: Loaded TP MacServerTargetPlatform
[2018.05.29-14.29.28:429][  0]LogTemp: Display: Loaded TP MacTargetPlatform
[2018.05.29-14.29.28:462][  0]LogTemp: Display: Loaded TP WindowsClientTargetPlatform
[2018.05.29-14.29.28:504][  0]LogTemp: Display: Loaded TP WindowsNoEditorTargetPlatform
[2018.05.29-14.29.28:543][  0]LogTemp: Display: Loaded TP WindowsServerTargetPlatform
[2018.05.29-14.29.28:575][  0]LogTemp: Display: Loaded TP WindowsTargetPlatform
[2018.05.29-14.29.28:620][  0]LogTemp: Display: Loaded TP Android_ASTCTargetPlatform
[2018.05.29-14.29.28:655][  0]LogTemp: Display: Loaded TP Android_ATCTargetPlatform
[2018.05.29-14.29.28:688][  0]LogTemp: Display: Loaded TP Android_DXTTargetPlatform
[2018.05.29-14.29.28:721][  0]LogTemp: Display: Loaded TP Android_ETC1TargetPlatform
[2018.05.29-14.29.28:762][  0]LogTemp: Display: Loaded TP Android_ETC2TargetPlatform
[2018.05.29-14.29.28:846][  0]LogTemp: Display: Loaded TP Android_MultiTargetPlatform
[2018.05.29-14.29.28:846][  0]LogTemp: Display: Loaded TP Android_PVRTCTargetPlatform
[2018.05.29-14.29.28:879][  0]LogTemp: Display: Loaded TP AndroidTargetPlatform
[2018.05.29-14.29.28:902][  0]LogTemp: Display: Loaded TP HTML5TargetPlatform
[2018.05.29-14.29.28:967][  0]LogTemp: Display: Loaded TP IOSTargetPlatform
[2018.05.29-14.29.28:984][  0]LogTemp: Display: Loaded TP TVOSTargetPlatform
[2018.05.29-14.29.29:015][  0]LogTemp: Display: Loaded TP LinuxClientTargetPlatform
[2018.05.29-14.29.29:046][  0]LogTemp: Display: Loaded TP LinuxNoEditorTargetPlatform
[2018.05.29-14.29.29:079][  0]LogTemp: Display: Loaded TP LinuxServerTargetPlatform
[2018.05.29-14.29.29:123][  0]LogTemp: Display: Loaded TP LinuxTargetPlatform
[2018.05.29-14.29.29:123][  0]LogTargetPlatformManager: Display: Building Assets For Windows
[2018.05.29-14.29.29:432][  0]LogDerivedDataCache: Display: Max Cache Size: 512 MB
[2018.05.29-14.29.29:489][  0]LogDerivedDataCache: Loaded boot cache 0.06s 78MB C:/Users/BoGoMoL/AppData/Local/UnrealEngine/4.18/DerivedDataCache/Boot.ddc.
[2018.05.29-14.29.29:489][  0]LogDerivedDataCache: Display: Loaded Boot cache: C:/Users/BoGoMoL/AppData/Local/UnrealEngine/4.18/DerivedDataCache/Boot.ddc
[2018.05.29-14.29.29:489][  0]LogDerivedDataCache: FDerivedDataBackendGraph:  Pak pak cache file ../../../../../Unreal Projects/Pong/DerivedDataCache/DDC.ddp not found, will not use a pak cache.
[2018.05.29-14.29.29:489][  0]LogDerivedDataCache: Unable to find inner node Pak for hierarchical cache Hierarchy.
[2018.05.29-14.29.29:489][  0]LogDerivedDataCache: FDerivedDataBackendGraph:  CompressedPak pak cache file ../../../../../Unreal Projects/Pong/DerivedDataCache/Compressed.ddp not found, will not use a pak cache.
[2018.05.29-14.29.29:489][  0]LogDerivedDataCache: Unable to find inner node CompressedPak for hierarchical cache Hierarchy.
[2018.05.29-14.29.29:502][  0]LogDerivedDataCache: Display: Pak cache opened for reading ../../../Engine/DerivedDataCache/Compressed.ddp.
[2018.05.29-14.29.29:514][  0]LogDerivedDataCache: Using Local data cache path C:/Users/BoGoMoL/AppData/Local/UnrealEngine/Common/DerivedDataCache: Writable
[2018.05.29-14.29.29:523][  0]LogMaterial: Verifying Global Shaders for PCD3D_SM5
[2018.05.29-14.29.29:523][  0]LogSlate: Using Freetype 2.6.0
[2018.05.29-14.29.29:523][  0]LogSlate: SlateFontCache - WITH_FREETYPE: 1, WITH_HARFBUZZ: 1
[2018.05.29-14.29.29:523][  0]LogSlate: SlateFontCache - WITH_FREETYPE: 1, WITH_HARFBUZZ: 1
[2018.05.29-14.29.29:815][  0]LogInit: Selected Device Profile: [Windows]
[2018.05.29-14.29.30:034][  0]LogSimplygon: Simplygon DLL not present - disabling.
[2018.05.29-14.29.30:059][  0]LogMeshReduction: Using SimplygonSwarm for distributed automatic mesh merging
[2018.05.29-14.29.30:060][  0]LogMeshReduction: Using QuadricMeshReduction for automatic static mesh reduction
[2018.05.29-14.29.30:060][  0]LogMeshReduction: No automatic skeletal mesh reduction module available
[2018.05.29-14.29.30:060][  0]LogMeshReduction: No automatic mesh merging module available
[2018.05.29-14.29.30:060][  0]LogMeshMerging: No automatic mesh merging module available
[2018.05.29-14.29.30:080][  0]LogNetVersion: Pong , NetCL: 3709383, EngineNetVer: 2, GameNetVer: 0 (Checksum: 1598552168)
[2018.05.29-14.29.30:212][  0]LogAssetRegistry: FAssetRegistry took 0.0246 seconds to start up
[2018.05.29-14.29.30:573][  0]LogPackageLocalizationCache: Processed 7 localized package path(s) for 1 prioritized culture(s) in 0.021733 seconds
[2018.05.29-14.29.30:578][  0]LogUObjectArray: 35870 objects as part of root set at end of initial load.
[2018.05.29-14.29.30:578][  0]LogUObjectAllocator: 7363696 out of 0 bytes used by permanent object pool.
[2018.05.29-14.29.30:578][  0]LogUObjectArray: CloseDisregardForGC: 0/0 objects in disregard for GC pool
[2018.05.29-14.29.30:609][  0]LogInit: WinSock: version 1.1 (2.2), MaxSocks=32767, MaxUdp=65467
[2018.05.29-14.29.32:549][  0]LogTcpMessaging: Initializing TcpMessaging bridge
[2018.05.29-14.29.32:580][  0]LogUdpMessaging: Initializing bridge on interface 0.0.0.0:0 to multicast group 230.0.0.1:6666.
[2018.05.29-14.29.33:030][  0]LogMaterial: Uniform references updated for custom material expression Custom.
[2018.05.29-14.29.33:301][  0]SourceControl: Source control is disabled
[2018.05.29-14.29.33:301][  0]SourceControl: Source control is disabled
[2018.05.29-14.29.33:333][  0]SourceControl: Source control is disabled
[2018.05.29-14.29.33:364][  0]SourceControl: Source control is disabled
[2018.05.29-14.29.33:849][  0]LogAndroidPermission: UAndroidPermissionCallbackProxy::GetInstance
[2018.05.29-14.29.34:013][  0]LogOcInput: OculusInput pre-init called
[2018.05.29-14.29.34:198][  0]LogEngine: Initializing Engine...
[2018.05.29-14.29.34:200][  0]LogHMD: Failed to initialize OpenVR with code 110
[2018.05.29-14.29.34:369][  0]LogStats: UGameplayTagsManager::ConstructGameplayTagTree: Construct from data asset -  0.000 s
[2018.05.29-14.29.34:369][  0]LogStats: UGameplayTagsManager::ConstructGameplayTagTree: GameplayTagTreeChangedEvent.Broadcast -  0.000 s
[2018.05.29-14.29.34:448][  0]LogAIModule: Creating AISystem for world Untitled
[2018.05.29-14.29.34:460][  0]LogInit: XAudio2 using 'Динамики (2- Rapoo Wireless Audio)' : 2 channels at 32 kHz using 16 bits per sample (channel mask 0x0)
[2018.05.29-14.29.34:469][  0]LogInit: FAudioDevice initialized.
[2018.05.29-14.29.34:561][  0]LogDerivedDataCache: Saved boot cache 0.09s 78MB C:/Users/BoGoMoL/AppData/Local/UnrealEngine/4.18/DerivedDataCache/Boot.ddc.
[2018.05.29-14.29.34:574][  0]LogInit: Texture streaming: Enabled
[2018.05.29-14.29.34:630][  0]LogEngineSessionManager: EngineSessionManager initialized
[2018.05.29-14.29.34:717][  0]LogInit: Transaction tracking system initialized
[2018.05.29-14.29.34:923][  0]BlueprintLog: New page: Editor Load
[2018.05.29-14.29.35:440][  0]LocalizationService: Localization service is disabled
[2018.05.29-14.29.35:903][  0]LogConsoleResponse: Display: 
[2018.05.29-14.29.36:042][  0]LogCook: Display: Max memory allowance for cook 16384mb min free memory 0mb
[2018.05.29-14.29.36:042][  0]LogCook: Display: Mobile HDR setting 1
[2018.05.29-14.29.36:042][  0]LogGameplayTags: Display: UGameplayTagsManager::DoneAddingNativeTags. DelegateIsBound: 0
[2018.05.29-14.29.36:786][  0]LogFileCache: Scanning file cache for directory 'D:/Gdev/Unreal Projects/Pong/Content/' took 0.01s
[2018.05.29-14.29.36:786][  0]SourceControl: Source control is disabled
[2018.05.29-14.29.36:786][  0]Cmd: MAP LOAD FILE="../../../../../Unreal Projects/Pong/Content/Field_Main.umap" TEMPLATE=0 SHOWPROGRESS=1 FEATURELEVEL=3
[2018.05.29-14.29.36:786][  0]LogEditorServer: Warning: Can't find file '../../../../../Unreal Projects/Pong/Content/Field_Main.umap'
[2018.05.29-14.29.36:786][  0]Cmd: MAP CHECKDEP NOCLEARLOG
[2018.05.29-14.29.36:816][  0]MapCheck: Map check complete: 0 Error(s), 0 Warning(s), took 30.316ms to complete.
[2018.05.29-14.29.36:816][  0]LogFileHelpers: Loading map 'Field_Main' took 0.031
[2018.05.29-14.29.36:873][  0]LogWindowsTextInputMethodSystem: Display: IME system now deactivated.
[2018.05.29-14.29.36:938][  0]LogCollectionManager: Loaded 0 collections in 0.001213 seconds
[2018.05.29-14.29.37:000][  0]LogFileCache: Scanning file cache for directory 'D:/Gdev/Unreal Projects/Pong/Saved/Collections/' took 0.01s
[2018.05.29-14.29.37:000][  0]LogFileCache: Scanning file cache for directory 'D:/Gdev/Unreal Projects/Pong/Content/Developers/BoGoMoL/Collections/' took 0.01s
[2018.05.29-14.29.37:000][  0]LogFileCache: Scanning file cache for directory 'D:/Gdev/Unreal Projects/Pong/Content/Collections/' took 0.01s
[2018.05.29-14.29.37:000][  0]LogCollectionManager: Rebuilt the GUID cache for 0 collections in 0.000000 seconds
[2018.05.29-14.29.37:009][  0]LogContentBrowser: Native class hierarchy populated in 0.0092 seconds. Added 2363 classes and 519 folders.
[2018.05.29-14.29.37:049][  0]LogContentBrowser: Native class hierarchy updated for 'WidgetCarousel' in 0.0002 seconds. Added 0 classes and 0 folders.
[2018.05.29-14.29.37:076][  0]LogContentBrowser: Native class hierarchy updated for 'AddContentDialog' in 0.0002 seconds. Added 0 classes and 0 folders.
[2018.05.29-14.29.37:102][  0]LogContentBrowser: Native class hierarchy updated for 'SceneOutliner' in 0.0002 seconds. Added 1 classes and 2 folders.
[2018.05.29-14.29.37:149][  0]LogSlate: Took 0.000144 seconds to synchronously load lazily loaded font '../../../Engine/Content/Slate/Fonts/Roboto-Regular.ttf' (155K)
[2018.05.29-14.29.37:151][  0]LogSlate: Took 0.000161 seconds to synchronously load lazily loaded font '../../../Engine/Content/Slate/Fonts/Roboto-Bold.ttf' (160K)
[2018.05.29-14.29.37:157][  0]LogSlate: Took 0.000176 seconds to synchronously load lazily loaded font '../../../Engine/Content/Editor/Slate/Fonts/FontAwesome.ttf' (139K)
[2018.05.29-14.29.37:246][  0]LogRenderer: Reallocating scene render targets to support 1208x656 Format 10 NumSamples 1 (Frame:1).
[2018.05.29-14.29.37:352][  0]LogContentBrowser: Native class hierarchy updated for 'HierarchicalLODOutliner' in 0.0002 seconds. Added 1 classes and 2 folders.
[2018.05.29-14.29.37:352][  0]LogLoad: (Engine Initialization) Total time: 12.21 seconds
[2018.05.29-14.29.37:353][  0]LogLoad: (Engine Initialization) Total Blueprint compile time: 0.00 seconds
[2018.05.29-14.29.37:353][  0]LogExternalProfiler: No external profilers were discovered.  External profiling features will not be available.
[2018.05.29-14.29.37:375][  0]LogAssetRegistry: Asset discovery search completed in 7.1844 seconds
[2018.05.29-14.29.37:377][  0]LogCollectionManager: Rebuilt the object cache for 0 collections in 0.000000 seconds (found 0 objects)
[2018.05.29-14.29.37:377][  0]LogCollectionManager: Fixed up redirectors for 0 collections in 0.000034 seconds (updated 0 objects)
[2018.05.29-14.29.37:379][  0]LogContentStreaming: Texture pool size now 1000 MB
[2018.05.29-14.29.37:416][  0]LogSlate: Took 0.000092 seconds to synchronously load lazily loaded font '../../../Engine/Content/Slate/Fonts/Roboto-Light.ttf' (159K)
[2018.05.29-14.29.38:376][113]LogSlate: Took 0.000118 seconds to synchronously load lazily loaded font '../../../Engine/Content/Slate/Fonts/Roboto-Light.ttf' (159K)
[2018.05.29-14.29.41:240][455]LogSlate: Took 0.000098 seconds to synchronously load lazily loaded font '../../../Engine/Content/Slate/Fonts/Roboto-Light.ttf' (159K)
[2018.05.29-14.29.41:855][455]LogContentBrowser: Native class hierarchy updated for 'BlueprintGraph' in 0.0004 seconds. Added 116 classes and 0 folders.
[2018.05.29-14.29.42:535][455]LogLinker: Warning: Can't resolve asset name
[2018.05.29-14.29.42:564][455]LogContentBrowser: Native class hierarchy updated for 'MaterialEditor' in 0.0002 seconds. Added 1 classes and 0 folders.
[2018.05.29-14.29.42:565][455]LogMaterial: Missing cached shader map for material M_UnlitWhite, compiling. 
[2018.05.29-14.29.42:622][455]LogMaterial: Missing cached shader map for material M_UnlitWhite, compiling. 
[2018.05.29-14.29.42:626][455]LogMaterial: Missing cached shader map for material M_UnlitWhite, compiling. 
[2018.05.29-14.29.42:671][455]LogSlate: Took 0.000160 seconds to synchronously load lazily loaded font '../../../Engine/Content/Editor/Slate/Fonts/Roboto-BoldCondensed.ttf' (158K)
[2018.05.29-14.29.42:770][455]LogRenderer: Reallocating scene render targets to support 1432x964 Format 10 NumSamples 1 (Frame:1).
[2018.05.29-14.29.43:097][481]MaterialEditorStats: Base pass shader without light map: 29 instructions
[2018.05.29-14.29.43:097][481]MaterialEditorStats: Vertex shader: 29 instructions
[2018.05.29-14.29.43:097][481]MaterialEditorStats: Texture samplers: 0/16
[2018.05.29-14.29.44:240][614]LogSlate: Took 0.000149 seconds to synchronously load lazily loaded font '../../../Engine/Content/Editor/Slate/Fonts/Roboto-Italic.ttf' (157K)
[2018.05.29-14.30.09:209][566]Cmd: OBJ SAVEPACKAGE PACKAGE="/Game/BP/BP_Racket_R" FILE="../../../../../Unreal Projects/Pong/Content/BP/BP_Racket_R.uasset" SILENT=true
[2018.05.29-14.30.09:237][566]LogSavePackage: Save=21.80ms
[2018.05.29-14.30.09:237][566]LogSavePackage: Moving '../../../../../Unreal Projects/Pong/Saved/BP_Racket_R15CF3A134089F1C49A8202B06194508F.tmp' to '../../../../../Unreal Projects/Pong/Content/BP/BP_Racket_R.uasset'
[2018.05.29-14.30.09:239][566]LogSavePackage: Display: Finished SavePackage ../../../../../Unreal Projects/Pong/Content/BP/BP_Racket_R.uasset
[2018.05.29-14.30.13:721][103]LogTemp: Repeating last play command: Selected Viewport
[2018.05.29-14.30.13:743][103]LogPlayLevel: PlayLevel: No blueprints needed recompiling
[2018.05.29-14.30.13:743][103]PIE: New page: PIE session: Untitled_0 (May 29, 2018, 8:30:13 PM)
[2018.05.29-14.30.13:743][103]LogPlayLevel: Creating play world package: /Temp/UEDPIE_0_Untitled_0
[2018.05.29-14.30.13:744][103]LogPlayLevel: PIE: StaticDuplicateObject took: (0.000386s)
[2018.05.29-14.30.13:744][103]LogAIModule: Creating AISystem for world Untitled
[2018.05.29-14.30.13:744][103]LogPlayLevel: PIE: World Init took: (0.000445s)
[2018.05.29-14.30.13:744][103]LogPlayLevel: PIE: Created PIE world by copying editor world from /Temp/Untitled_0.Untitled to /Temp/UEDPIE_0_Untitled_0.Untitled (0.001094s)
[2018.05.29-14.30.13:765][103]LogInit: XAudio2 using 'Динамики (2- Rapoo Wireless Audio)' : 2 channels at 32 kHz using 16 bits per sample (channel mask 0x0)
[2018.05.29-14.30.13:770][103]LogInit: FAudioDevice initialized.
[2018.05.29-14.30.13:813][103]LogLinker: Warning: Can't find file '/Game/BP/BP_GameMode'
[2018.05.29-14.30.13:813][103]LogLinker: Warning: Can't find file '/Game/BP/BP_GameMode'
[2018.05.29-14.30.13:813][103]LogUObjectGlobals: Warning: Failed to find object 'Class /Game/BP/BP_GameMode.BP_GameMode_C'
[2018.05.29-14.30.13:813][103]LogLoad: Game class is 'GameModeBase'
[2018.05.29-14.30.13:815][103]LogWorld: Bringing World /Temp/UEDPIE_0_Untitled_0.Untitled up for play (max tick rate 0) at 2018.05.29-17.30.13
[2018.05.29-14.30.13:815][103]LogWorld: Bringing up level for play took: 0.000416
[2018.05.29-14.30.13:839][103]LogContentBrowser: Native class hierarchy updated for 'MovieSceneCapture' in 0.0002 seconds. Added 11 classes and 0 folders.
[2018.05.29-14.30.13:840][103]PIE: Play in editor start time for /Temp/UEDPIE_0_Untitled_0 0.334
[2018.05.29-14.30.22:798][166]LogAIModule: Creating AISystem for world Field_Main
[2018.05.29-14.30.22:818][166]Cmd: MAP LOAD FILE="../../../../../Unreal Projects/Pong/Content/Level_s/Field_Main.umap" TEMPLATE=0 SHOWPROGRESS=1 FEATURELEVEL=3
[2018.05.29-14.30.22:818][166]LightingResults: New page: Lighting Build
[2018.05.29-14.30.22:842][166]LogContentBrowser: Native class hierarchy updated for 'StatsViewer' in 0.0002 seconds. Added 5 classes and 0 folders.
[2018.05.29-14.30.22:843][166]LoadErrors: New page: Loading map: Field_Main.umap
[2018.05.29-14.30.22:843][166]MapCheck: New page: Map Check
[2018.05.29-14.30.22:843][166]LightingResults: New page: Lighting Build
[2018.05.29-14.30.22:901][166]LogEditorServer: Finished looking for orphan Actors (0.000 secs)
[2018.05.29-14.30.22:934][166]Cmd: MAP CHECKDEP NOCLEARLOG
[2018.05.29-14.30.22:963][166]MapCheck: Map check complete: 0 Error(s), 0 Warning(s), took 28.91ms to complete.
[2018.05.29-14.30.22:963][166]LogFileHelpers: Loading map 'Field_Main' took 0.146
[2018.05.29-14.30.24:355][331]LogTemp: Repeating last play command: Selected Viewport
[2018.05.29-14.30.24:370][331]LogBlueprintUserMessages: Early PlayInEditor Detection: Level '/Game/Level_s/Field_Main.Field_Main:PersistentLevel' has LevelScriptBlueprint '/Game/Level_s/Field_Main.Field_Main:PersistentLevel.Field_Main' with GeneratedClass '/Game/Level_s/Field_Main.Field_Main_C' with ClassGeneratedBy '/Game/Level_s/Field_Main.Field_Main:PersistentLevel.Field_Main'
[2018.05.29-14.30.24:370][331]LogPlayLevel: PlayLevel: No blueprints needed recompiling
[2018.05.29-14.30.24:371][331]PIE: New page: PIE session: Field_Main (May 29, 2018, 8:30:24 PM)
[2018.05.29-14.30.24:371][331]LogPlayLevel: Creating play world package: /Game/Level_s/UEDPIE_0_Field_Main
[2018.05.29-14.30.24:372][331]LogPlayLevel: PIE: StaticDuplicateObject took: (0.001701s)
[2018.05.29-14.30.24:373][331]LogAIModule: Creating AISystem for world Field_Main
[2018.05.29-14.30.24:373][331]LogPlayLevel: PIE: World Init took: (0.000398s)
[2018.05.29-14.30.24:373][331]LogPlayLevel: PIE: Created PIE world by copying editor world from /Game/Level_s/Field_Main.Field_Main to /Game/Level_s/UEDPIE_0_Field_Main.Field_Main (0.002265s)
[2018.05.29-14.30.24:389][331]LogInit: XAudio2 using 'Динамики (2- Rapoo Wireless Audio)' : 2 channels at 32 kHz using 16 bits per sample (channel mask 0x0)
[2018.05.29-14.30.24:394][331]LogInit: FAudioDevice initialized.
[2018.05.29-14.30.24:427][331]LogLoad: Game class is 'GameModeBase'
[2018.05.29-14.30.24:428][331]LogWorld: Bringing World /Game/Level_s/UEDPIE_0_Field_Main.Field_Main up for play (max tick rate 0) at 2018.05.29-17.30.24
[2018.05.29-14.30.24:429][331]LogWorld: Bringing up level for play took: 0.000527
[2018.05.29-14.30.24:429][331]PIE: Play in editor start time for /Game/Level_s/UEDPIE_0_Field_Main 0.923
[2018.05.29-14.30.24:430][331]LogBlueprintUserMessages: Late PlayInEditor Detection: Level '/Game/Level_s/Field_Main.Field_Main:PersistentLevel' has LevelScriptBlueprint '/Game/Level_s/Field_Main.Field_Main:PersistentLevel.Field_Main' with GeneratedClass '/Game/Level_s/Field_Main.Field_Main_C' with ClassGeneratedBy '/Game/Level_s/Field_Main.Field_Main:PersistentLevel.Field_Main'
[2018.05.29-14.30.26:793][614]LogBlueprintUserMessages: Early EndPlayMap Detection: Level '/Game/Level_s/Field_Main.Field_Main:PersistentLevel' has LevelScriptBlueprint '/Game/Level_s/Field_Main.Field_Main:PersistentLevel.Field_Main' with GeneratedClass '/Game/Level_s/Field_Main.Field_Main_C' with ClassGeneratedBy '/Game/Level_s/Field_Main.Field_Main:PersistentLevel.Field_Main'
[2018.05.29-14.30.26:822][614]LogBlueprintUserMessages: Late EndPlayMap Detection: Level '/Game/Level_s/Field_Main.Field_Main:PersistentLevel' has LevelScriptBlueprint '/Game/Level_s/Field_Main.Field_Main:PersistentLevel.Field_Main' with GeneratedClass '/Game/Level_s/Field_Main.Field_Main_C' with ClassGeneratedBy '/Game/Level_s/Field_Main.Field_Main:PersistentLevel.Field_Main'
[2018.05.29-14.30.33:622][402]LogTemp: Repeating last play command: Selected Viewport
[2018.05.29-14.30.33:636][402]LogBlueprintUserMessages: Early PlayInEditor Detection: Level '/Game/Level_s/Field_Main.Field_Main:PersistentLevel' has LevelScriptBlueprint '/Game/Level_s/Field_Main.Field_Main:PersistentLevel.Field_Main' with GeneratedClass '/Game/Level_s/Field_Main.Field_Main_C' with ClassGeneratedBy '/Game/Level_s/Field_Main.Field_Main:PersistentLevel.Field_Main'
[2018.05.29-14.30.33:637][402]LogPlayLevel: PlayLevel: No blueprints needed recompiling
[2018.05.29-14.30.33:637][402]PIE: New page: PIE session: Field_Main (May 29, 2018, 8:30:33 PM)
[2018.05.29-14.30.33:637][402]LogPlayLevel: Creating play world package: /Game/Level_s/UEDPIE_0_Field_Main
[2018.05.29-14.30.33:639][402]LogPlayLevel: PIE: StaticDuplicateObject took: (0.001797s)
[2018.05.29-14.30.33:639][402]LogAIModule: Creating AISystem for world Field_Main
[2018.05.29-14.30.33:639][402]LogPlayLevel: PIE: World Init took: (0.000429s)
[2018.05.29-14.30.33:639][402]LogPlayLevel: PIE: Created PIE world by copying editor world from /Game/Level_s/Field_Main.Field_Main to /Game/Level_s/UEDPIE_0_Field_Main.Field_Main (0.002396s)
[2018.05.29-14.30.33:656][402]LogInit: XAudio2 using 'Динамики (2- Rapoo Wireless Audio)' : 2 channels at 32 kHz using 16 bits per sample (channel mask 0x0)
[2018.05.29-14.30.33:661][402]LogInit: FAudioDevice initialized.
[2018.05.29-14.30.33:695][402]LogLoad: Game class is 'GameModeBase'
[2018.05.29-14.30.33:695][402]LogWorld: Bringing World /Game/Level_s/UEDPIE_0_Field_Main.Field_Main up for play (max tick rate 0) at 2018.05.29-17.30.33
[2018.05.29-14.30.33:695][402]LogWorld: Bringing up level for play took: 0.000500
[2018.05.29-14.30.33:696][402]PIE: Play in editor start time for /Game/Level_s/UEDPIE_0_Field_Main 0.19
[2018.05.29-14.30.33:696][402]LogBlueprintUserMessages: Late PlayInEditor Detection: Level '/Game/Level_s/Field_Main.Field_Main:PersistentLevel' has LevelScriptBlueprint '/Game/Level_s/Field_Main.Field_Main:PersistentLevel.Field_Main' with GeneratedClass '/Game/Level_s/Field_Main.Field_Main_C' with ClassGeneratedBy '/Game/Level_s/Field_Main.Field_Main:PersistentLevel.Field_Main'
[2018.05.29-14.30.41:114][290]LogBlueprintUserMessages: Early EndPlayMap Detection: Level '/Game/Level_s/Field_Main.Field_Main:PersistentLevel' has LevelScriptBlueprint '/Game/Level_s/Field_Main.Field_Main:PersistentLevel.Field_Main' with GeneratedClass '/Game/Level_s/Field_Main.Field_Main_C' with ClassGeneratedBy '/Game/Level_s/Field_Main.Field_Main:PersistentLevel.Field_Main'
[2018.05.29-14.30.41:143][290]LogBlueprintUserMessages: Late EndPlayMap Detection: Level '/Game/Level_s/Field_Main.Field_Main:PersistentLevel' has LevelScriptBlueprint '/Game/Level_s/Field_Main.Field_Main:PersistentLevel.Field_Main' with GeneratedClass '/Game/Level_s/Field_Main.Field_Main_C' with ClassGeneratedBy '/Game/Level_s/Field_Main.Field_Main:PersistentLevel.Field_Main'
[2018.05.29-14.30.44:237][581]LogSlate: Only BGRA pngs, bmps or icos are supported in by External Image Picker
[2018.05.29-14.30.44:280][582]LogTemp: Executing iPhonePackager certificates Engine -bundlename com.YourCompany.Pong
[2018.05.29-14.30.44:280][582]LogTemp: CWD: D:\Gdev\Epic Games\UE_4.18\Engine\Binaries\DotNET\IOS
[2018.05.29-14.30.44:280][582]LogTemp: Initial Dir: D:\Gdev\Epic Games\UE_4.18
[2018.05.29-14.30.44:280][582]LogTemp: Env CWD: D:\Gdev\Epic Games\UE_4.18\Engine\Binaries\DotNET\IOS
[2018.05.29-14.30.44:280][582]LogTemp: BranchPath = DESKTOP-97J6FQP/D/Gdev/Epic Games/UE_4.18/Engine/Binaries --- GameBranchPath = DESKTOP-97J6FQP/D/Gdev/Epic Games/UE_4.18/Engine/Binaries
[2018.05.29-14.30.44:296][583]LogTemp: IPP ERROR: Could not find provision directory 'C:\Users\BoGoMoL\AppData\Local/Apple Computer/MobileDevice/Provisioning Profiles/'.
[2018.05.29-14.31.27:022][684]BlueprintLog: New page: Compile BP_Racket_R
[2018.05.29-14.31.27:685][737]Cmd: OBJ SAVEPACKAGE PACKAGE="/Game/BP/BP_Racket_R" FILE="../../../../../Unreal Projects/Pong/Content/BP/BP_Racket_R.uasset" SILENT=true
[2018.05.29-14.31.27:711][737]LogSavePackage: Save=23.22ms
[2018.05.29-14.31.27:711][737]LogSavePackage: Moving '../../../../../Unreal Projects/Pong/Saved/BP_Racket_RC34B37FB42DD70090F35E4AFEEEC93E7.tmp' to '../../../../../Unreal Projects/Pong/Content/BP/BP_Racket_R.uasset'
[2018.05.29-14.31.27:713][737]LogSavePackage: Display: Finished SavePackage ../../../../../Unreal Projects/Pong/Content/BP/BP_Racket_R.uasset
[2018.05.29-14.31.29:227][918]LogTemp: Repeating last play command: Selected Viewport
[2018.05.29-14.31.29:242][918]LogBlueprintUserMessages: Early PlayInEditor Detection: Level '/Game/Level_s/Field_Main.Field_Main:PersistentLevel' has LevelScriptBlueprint '/Game/Level_s/Field_Main.Field_Main:PersistentLevel.Field_Main' with GeneratedClass '/Game/Level_s/Field_Main.Field_Main_C' with ClassGeneratedBy '/Game/Level_s/Field_Main.Field_Main:PersistentLevel.Field_Main'
[2018.05.29-14.31.29:242][918]LogPlayLevel: PlayLevel: No blueprints needed recompiling
[2018.05.29-14.31.29:243][918]PIE: New page: PIE session: Field_Main (May 29, 2018, 8:31:29 PM)
[2018.05.29-14.31.29:243][918]LogPlayLevel: Creating play world package: /Game/Level_s/UEDPIE_0_Field_Main
[2018.05.29-14.31.29:245][918]LogPlayLevel: PIE: StaticDuplicateObject took: (0.001873s)
[2018.05.29-14.31.29:245][918]LogAIModule: Creating AISystem for world Field_Main
[2018.05.29-14.31.29:245][918]LogPlayLevel: PIE: World Init took: (0.000413s)
[2018.05.29-14.31.29:245][918]LogPlayLevel: PIE: Created PIE world by copying editor world from /Game/Level_s/Field_Main.Field_Main to /Game/Level_s/UEDPIE_0_Field_Main.Field_Main (0.002518s)
[2018.05.29-14.31.29:262][918]LogInit: XAudio2 using 'Динамики (2- Rapoo Wireless Audio)' : 2 channels at 32 kHz using 16 bits per sample (channel mask 0x0)
[2018.05.29-14.31.29:267][918]LogInit: FAudioDevice initialized.
[2018.05.29-14.31.29:299][918]LogLoad: Game class is 'GameModeBase'
[2018.05.29-14.31.29:301][918]LogWorld: Bringing World /Game/Level_s/UEDPIE_0_Field_Main.Field_Main up for play (max tick rate 0) at 2018.05.29-17.31.29
[2018.05.29-14.31.29:301][918]LogWorld: Bringing up level for play took: 0.000563
[2018.05.29-14.31.29:302][918]PIE: Play in editor start time for /Game/Level_s/UEDPIE_0_Field_Main -0.204
[2018.05.29-14.31.29:302][918]LogBlueprintUserMessages: Late PlayInEditor Detection: Level '/Game/Level_s/Field_Main.Field_Main:PersistentLevel' has LevelScriptBlueprint '/Game/Level_s/Field_Main.Field_Main:PersistentLevel.Field_Main' with GeneratedClass '/Game/Level_s/Field_Main.Field_Main_C' with ClassGeneratedBy '/Game/Level_s/Field_Main.Field_Main:PersistentLevel.Field_Main'
[2018.05.29-14.31.38:990][ 80]LogBlueprintUserMessages: Early EndPlayMap Detection: Level '/Game/Level_s/Field_Main.Field_Main:PersistentLevel' has LevelScriptBlueprint '/Game/Level_s/Field_Main.Field_Main:PersistentLevel.Field_Main' with GeneratedClass '/Game/Level_s/Field_Main.Field_Main_C' with ClassGeneratedBy '/Game/Level_s/Field_Main.Field_Main:PersistentLevel.Field_Main'
[2018.05.29-14.31.39:022][ 80]LogBlueprintUserMessages: Late EndPlayMap Detection: Level '/Game/Level_s/Field_Main.Field_Main:PersistentLevel' has LevelScriptBlueprint '/Game/Level_s/Field_Main.Field_Main:PersistentLevel.Field_Main' with GeneratedClass '/Game/Level_s/Field_Main.Field_Main_C' with ClassGeneratedBy '/Game/Level_s/Field_Main.Field_Main:PersistentLevel.Field_Main'
[2018.05.29-14.31.42:789][529]LogEditorTransaction: Undo Create Pin Link
[2018.05.29-14.31.43:117][557]LogEditorTransaction: Undo Break Pin Links
[2018.05.29-14.31.43:500][591]LogEditorTransaction: Undo Break Pin Links
[2018.05.29-14.31.43:836][622]LogEditorTransaction: Undo Create Pin Link
[2018.05.29-14.31.44:201][654]LogEditorTransaction: Undo Break Pin Links
[2018.05.29-14.31.45:233][766]LogEditorTransaction: Undo Move Node
[2018.05.29-14.31.45:982][844]LogEditorTransaction: Undo Add Node
[2018.05.29-14.31.48:072][ 83]BlueprintLog: New page: Compile BP_Racket_R
[2018.05.29-14.31.48:662][127]Cmd: OBJ SAVEPACKAGE PACKAGE="/Game/BP/BP_Racket_R" FILE="../../../../../Unreal Projects/Pong/Content/BP/BP_Racket_R.uasset" SILENT=true
[2018.05.29-14.31.48:685][127]LogSavePackage: Save=21.29ms
[2018.05.29-14.31.48:685][127]LogSavePackage: Moving '../../../../../Unreal Projects/Pong/Saved/BP_Racket_R8D5B004A4B95545959EB6AA91E2F5243.tmp' to '../../../../../Unreal Projects/Pong/Content/BP/BP_Racket_R.uasset'
[2018.05.29-14.31.48:687][127]LogSavePackage: Display: Finished SavePackage ../../../../../Unreal Projects/Pong/Content/BP/BP_Racket_R.uasset
[2018.05.29-14.31.49:861][267]LogTemp: Repeating last play command: Selected Viewport
[2018.05.29-14.31.49:875][267]LogBlueprintUserMessages: Early PlayInEditor Detection: Level '/Game/Level_s/Field_Main.Field_Main:PersistentLevel' has LevelScriptBlueprint '/Game/Level_s/Field_Main.Field_Main:PersistentLevel.Field_Main' with GeneratedClass '/Game/Level_s/Field_Main.Field_Main_C' with ClassGeneratedBy '/Game/Level_s/Field_Main.Field_Main:PersistentLevel.Field_Main'
[2018.05.29-14.31.49:875][267]LogPlayLevel: PlayLevel: No blueprints needed recompiling
[2018.05.29-14.31.49:875][267]PIE: New page: PIE session: Field_Main (May 29, 2018, 8:31:49 PM)
[2018.05.29-14.31.49:875][267]LogPlayLevel: Creating play world package: /Game/Level_s/UEDPIE_0_Field_Main
[2018.05.29-14.31.49:877][267]LogPlayLevel: PIE: StaticDuplicateObject took: (0.001714s)
[2018.05.29-14.31.49:878][267]LogAIModule: Creating AISystem for world Field_Main
[2018.05.29-14.31.49:878][267]LogPlayLevel: PIE: World Init took: (0.000419s)
[2018.05.29-14.31.49:878][267]LogPlayLevel: PIE: Created PIE world by copying editor world from /Game/Level_s/Field_Main.Field_Main to /Game/Level_s/UEDPIE_0_Field_Main.Field_Main (0.002300s)
[2018.05.29-14.31.49:894][267]LogInit: XAudio2 using 'Динамики (2- Rapoo Wireless Audio)' : 2 channels at 32 kHz using 16 bits per sample (channel mask 0x0)
[2018.05.29-14.31.49:899][267]LogInit: FAudioDevice initialized.
[2018.05.29-14.31.49:936][267]LogLoad: Game class is 'GameModeBase'
[2018.05.29-14.31.49:937][267]LogWorld: Bringing World /Game/Level_s/UEDPIE_0_Field_Main.Field_Main up for play (max tick rate 0) at 2018.05.29-17.31.49
[2018.05.29-14.31.49:937][267]LogWorld: Bringing up level for play took: 0.000598
[2018.05.29-14.31.49:940][267]PIE: Play in editor start time for /Game/Level_s/UEDPIE_0_Field_Main 0.434
[2018.05.29-14.31.49:940][267]LogBlueprintUserMessages: Late PlayInEditor Detection: Level '/Game/Level_s/Field_Main.Field_Main:PersistentLevel' has LevelScriptBlueprint '/Game/Level_s/Field_Main.Field_Main:PersistentLevel.Field_Main' with GeneratedClass '/Game/Level_s/Field_Main.Field_Main_C' with ClassGeneratedBy '/Game/Level_s/Field_Main.Field_Main:PersistentLevel.Field_Main'
[2018.05.29-14.31.53:105][643]LogBlueprintUserMessages: Early EndPlayMap Detection: Level '/Game/Level_s/Field_Main.Field_Main:PersistentLevel' has LevelScriptBlueprint '/Game/Level_s/Field_Main.Field_Main:PersistentLevel.Field_Main' with GeneratedClass '/Game/Level_s/Field_Main.Field_Main_C' with ClassGeneratedBy '/Game/Level_s/Field_Main.Field_Main:PersistentLevel.Field_Main'
[2018.05.29-14.31.53:146][643]LogBlueprintUserMessages: Late EndPlayMap Detection: Level '/Game/Level_s/Field_Main.Field_Main:PersistentLevel' has LevelScriptBlueprint '/Game/Level_s/Field_Main.Field_Main:PersistentLevel.Field_Main' with GeneratedClass '/Game/Level_s/Field_Main.Field_Main_C' with ClassGeneratedBy '/Game/Level_s/Field_Main.Field_Main:PersistentLevel.Field_Main'
[2018.05.29-14.31.54:298][779]LogTemp: Repeating last play command: Selected Viewport
[2018.05.29-14.31.54:312][779]LogBlueprintUserMessages: Early PlayInEditor Detection: Level '/Game/Level_s/Field_Main.Field_Main:PersistentLevel' has LevelScriptBlueprint '/Game/Level_s/Field_Main.Field_Main:PersistentLevel.Field_Main' with GeneratedClass '/Game/Level_s/Field_Main.Field_Main_C' with ClassGeneratedBy '/Game/Level_s/Field_Main.Field_Main:PersistentLevel.Field_Main'
[2018.05.29-14.31.54:312][779]LogPlayLevel: PlayLevel: No blueprints needed recompiling
[2018.05.29-14.31.54:313][779]PIE: New page: PIE session: Field_Main (May 29, 2018, 8:31:54 PM)
[2018.05.29-14.31.54:313][779]LogPlayLevel: Creating play world package: /Game/Level_s/UEDPIE_0_Field_Main
[2018.05.29-14.31.54:314][779]LogPlayLevel: PIE: StaticDuplicateObject took: (0.001756s)
[2018.05.29-14.31.54:315][779]LogAIModule: Creating AISystem for world Field_Main
[2018.05.29-14.31.54:315][779]LogPlayLevel: PIE: World Init took: (0.000418s)
[2018.05.29-14.31.54:315][779]LogPlayLevel: PIE: Created PIE world by copying editor world from /Game/Level_s/Field_Main.Field_Main to /Game/Level_s/UEDPIE_0_Field_Main.Field_Main (0.002395s)
[2018.05.29-14.31.54:331][779]LogInit: XAudio2 using 'Динамики (2- Rapoo Wireless Audio)' : 2 channels at 32 kHz using 16 bits per sample (channel mask 0x0)
[2018.05.29-14.31.54:336][779]LogInit: FAudioDevice initialized.
[2018.05.29-14.31.54:369][779]LogLoad: Game class is 'GameModeBase'
[2018.05.29-14.31.54:370][779]LogWorld: Bringing World /Game/Level_s/UEDPIE_0_Field_Main.Field_Main up for play (max tick rate 0) at 2018.05.29-17.31.54
[2018.05.29-14.31.54:370][779]LogWorld: Bringing up level for play took: 0.000534
[2018.05.29-14.31.54:372][779]PIE: Play in editor start time for /Game/Level_s/UEDPIE_0_Field_Main 0.866
[2018.05.29-14.31.54:372][779]LogBlueprintUserMessages: Late PlayInEditor Detection: Level '/Game/Level_s/Field_Main.Field_Main:PersistentLevel' has LevelScriptBlueprint '/Game/Level_s/Field_Main.Field_Main:PersistentLevel.Field_Main' with GeneratedClass '/Game/Level_s/Field_Main.Field_Main_C' with ClassGeneratedBy '/Game/Level_s/Field_Main.Field_Main:PersistentLevel.Field_Main'
[2018.05.29-14.32.03:095][822]LogBlueprintUserMessages: Early EndPlayMap Detection: Level '/Game/Level_s/Field_Main.Field_Main:PersistentLevel' has LevelScriptBlueprint '/Game/Level_s/Field_Main.Field_Main:PersistentLevel.Field_Main' with GeneratedClass '/Game/Level_s/Field_Main.Field_Main_C' with ClassGeneratedBy '/Game/Level_s/Field_Main.Field_Main:PersistentLevel.Field_Main'
[2018.05.29-14.32.03:136][822]LogBlueprintUserMessages: Late EndPlayMap Detection: Level '/Game/Level_s/Field_Main.Field_Main:PersistentLevel' has LevelScriptBlueprint '/Game/Level_s/Field_Main.Field_Main:PersistentLevel.Field_Main' with GeneratedClass '/Game/Level_s/Field_Main.Field_Main_C' with ClassGeneratedBy '/Game/Level_s/Field_Main.Field_Main:PersistentLevel.Field_Main'
[2018.05.29-14.32.08:020][406]LogTemp: Repeating last play command: Selected Viewport
[2018.05.29-14.32.08:035][406]LogBlueprintUserMessages: Early PlayInEditor Detection: Level '/Game/Level_s/Field_Main.Field_Main:PersistentLevel' has LevelScriptBlueprint '/Game/Level_s/Field_Main.Field_Main:PersistentLevel.Field_Main' with GeneratedClass '/Game/Level_s/Field_Main.Field_Main_C' with ClassGeneratedBy '/Game/Level_s/Field_Main.Field_Main:PersistentLevel.Field_Main'
[2018.05.29-14.32.08:035][406]LogPlayLevel: PlayLevel: No blueprints needed recompiling
[2018.05.29-14.32.08:035][406]PIE: New page: PIE session: Field_Main (May 29, 2018, 8:32:08 PM)
[2018.05.29-14.32.08:035][406]LogPlayLevel: Creating play world package: /Game/Level_s/UEDPIE_0_Field_Main
[2018.05.29-14.32.08:037][406]LogPlayLevel: PIE: StaticDuplicateObject took: (0.001726s)
[2018.05.29-14.32.08:037][406]LogAIModule: Creating AISystem for world Field_Main
[2018.05.29-14.32.08:038][406]LogPlayLevel: PIE: World Init took: (0.000597s)
[2018.05.29-14.32.08:038][406]LogPlayLevel: PIE: Created PIE world by copying editor world from /Game/Level_s/Field_Main.Field_Main to /Game/Level_s/UEDPIE_0_Field_Main.Field_Main (0.002482s)
[2018.05.29-14.32.08:054][406]LogInit: XAudio2 using 'Динамики (2- Rapoo Wireless Audio)' : 2 channels at 32 kHz using 16 bits per sample (channel mask 0x0)
[2018.05.29-14.32.08:059][406]LogInit: FAudioDevice initialized.
[2018.05.29-14.32.08:094][406]LogLoad: Game class is 'GameModeBase'
[2018.05.29-14.32.08:095][406]LogWorld: Bringing World /Game/Level_s/UEDPIE_0_Field_Main.Field_Main up for play (max tick rate 0) at 2018.05.29-17.32.08
[2018.05.29-14.32.08:095][406]LogWorld: Bringing up level for play took: 0.000571
[2018.05.29-14.32.08:097][406]PIE: Play in editor start time for /Game/Level_s/UEDPIE_0_Field_Main 0.591
[2018.05.29-14.32.08:097][406]LogBlueprintUserMessages: Late PlayInEditor Detection: Level '/Game/Level_s/Field_Main.Field_Main:PersistentLevel' has LevelScriptBlueprint '/Game/Level_s/Field_Main.Field_Main:PersistentLevel.Field_Main' with GeneratedClass '/Game/Level_s/Field_Main.Field_Main_C' with ClassGeneratedBy '/Game/Level_s/Field_Main.Field_Main:PersistentLevel.Field_Main'
[2018.05.29-14.32.15:010][232]LogBlueprintUserMessages: Early EndPlayMap Detection: Level '/Game/Level_s/Field_Main.Field_Main:PersistentLevel' has LevelScriptBlueprint '/Game/Level_s/Field_Main.Field_Main:PersistentLevel.Field_Main' with GeneratedClass '/Game/Level_s/Field_Main.Field_Main_C' with ClassGeneratedBy '/Game/Level_s/Field_Main.Field_Main:PersistentLevel.Field_Main'
[2018.05.29-14.32.15:054][232]LogBlueprintUserMessages: Late EndPlayMap Detection: Level '/Game/Level_s/Field_Main.Field_Main:PersistentLevel' has LevelScriptBlueprint '/Game/Level_s/Field_Main.Field_Main:PersistentLevel.Field_Main' with GeneratedClass '/Game/Level_s/Field_Main.Field_Main_C' with ClassGeneratedBy '/Game/Level_s/Field_Main.Field_Main:PersistentLevel.Field_Main'
[2018.05.29-14.36.22:069][589]LogBlueprintUserMessages: Early PlayInEditor Detection: Level '/Game/Level_s/Field_Main.Field_Main:PersistentLevel' has LevelScriptBlueprint '/Game/Level_s/Field_Main.Field_Main:PersistentLevel.Field_Main' with GeneratedClass '/Game/Level_s/Field_Main.Field_Main_C' with ClassGeneratedBy '/Game/Level_s/Field_Main.Field_Main:PersistentLevel.Field_Main'
[2018.05.29-14.36.22:069][589]LogPlayLevel: PlayLevel: No blueprints needed recompiling
[2018.05.29-14.36.22:070][589]PIE: New page: PIE session: Field_Main (May 29, 2018, 8:36:22 PM)
[2018.05.29-14.36.22:070][589]LogPlayLevel: Creating play world package: /Game/Level_s/UEDPIE_0_Field_Main
[2018.05.29-14.36.22:072][589]LogPlayLevel: PIE: StaticDuplicateObject took: (0.001977s)
[2018.05.29-14.36.22:072][589]LogAIModule: Creating AISystem for world Field_Main
[2018.05.29-14.36.22:072][589]LogPlayLevel: PIE: World Init took: (0.000571s)
[2018.05.29-14.36.22:072][589]LogPlayLevel: PIE: Created PIE world by copying editor world from /Game/Level_s/Field_Main.Field_Main to /Game/Level_s/UEDPIE_0_Field_Main.Field_Main (0.002754s)
[2018.05.29-14.36.22:090][589]LogInit: XAudio2 using 'Динамики (2- Rapoo Wireless Audio)' : 2 channels at 32 kHz using 16 bits per sample (channel mask 0x0)
[2018.05.29-14.36.22:095][589]LogInit: FAudioDevice initialized.
[2018.05.29-14.36.22:125][589]LogLoad: Game class is 'GameModeBase'
[2018.05.29-14.36.22:126][589]LogWorld: Bringing World /Game/Level_s/UEDPIE_0_Field_Main.Field_Main up for play (max tick rate 0) at 2018.05.29-17.36.22
[2018.05.29-14.36.22:126][589]LogWorld: Bringing up level for play took: 0.000580
[2018.05.29-14.36.22:127][589]PIE: Play in editor start time for /Game/Level_s/UEDPIE_0_Field_Main 0.621
[2018.05.29-14.36.22:127][589]LogBlueprintUserMessages: Late PlayInEditor Detection: Level '/Game/Level_s/Field_Main.Field_Main:PersistentLevel' has LevelScriptBlueprint '/Game/Level_s/Field_Main.Field_Main:PersistentLevel.Field_Main' with GeneratedClass '/Game/Level_s/Field_Main.Field_Main_C' with ClassGeneratedBy '/Game/Level_s/Field_Main.Field_Main:PersistentLevel.Field_Main'
[2018.05.29-14.36.27:016][175]LogBlueprintUserMessages: Early EndPlayMap Detection: Level '/Game/Level_s/Field_Main.Field_Main:PersistentLevel' has LevelScriptBlueprint '/Game/Level_s/Field_Main.Field_Main:PersistentLevel.Field_Main' with GeneratedClass '/Game/Level_s/Field_Main.Field_Main_C' with ClassGeneratedBy '/Game/Level_s/Field_Main.Field_Main:PersistentLevel.Field_Main'
[2018.05.29-14.36.27:046][175]LogBlueprintUserMessages: Late EndPlayMap Detection: Level '/Game/Level_s/Field_Main.Field_Main:PersistentLevel' has LevelScriptBlueprint '/Game/Level_s/Field_Main.Field_Main:PersistentLevel.Field_Main' with GeneratedClass '/Game/Level_s/Field_Main.Field_Main_C' with ClassGeneratedBy '/Game/Level_s/Field_Main.Field_Main:PersistentLevel.Field_Main'
[2018.05.29-14.36.28:163][306]LogTemp: Repeating last play command: Selected Viewport
[2018.05.29-14.36.28:177][306]LogBlueprintUserMessages: Early PlayInEditor Detection: Level '/Game/Level_s/Field_Main.Field_Main:PersistentLevel' has LevelScriptBlueprint '/Game/Level_s/Field_Main.Field_Main:PersistentLevel.Field_Main' with GeneratedClass '/Game/Level_s/Field_Main.Field_Main_C' with ClassGeneratedBy '/Game/Level_s/Field_Main.Field_Main:PersistentLevel.Field_Main'
[2018.05.29-14.36.28:177][306]LogPlayLevel: PlayLevel: No blueprints needed recompiling
[2018.05.29-14.36.28:178][306]PIE: New page: PIE session: Field_Main (May 29, 2018, 8:36:28 PM)
[2018.05.29-14.36.28:178][306]LogPlayLevel: Creating play world package: /Game/Level_s/UEDPIE_0_Field_Main
[2018.05.29-14.36.28:179][306]LogPlayLevel: PIE: StaticDuplicateObject took: (0.001746s)
[2018.05.29-14.36.28:180][306]LogAIModule: Creating AISystem for world Field_Main
[2018.05.29-14.36.28:180][306]LogPlayLevel: PIE: World Init took: (0.000429s)
[2018.05.29-14.36.28:180][306]LogPlayLevel: PIE: Created PIE world by copying editor world from /Game/Level_s/Field_Main.Field_Main to /Game/Level_s/UEDPIE_0_Field_Main.Field_Main (0.002401s)
[2018.05.29-14.36.28:196][306]LogInit: XAudio2 using 'Динамики (2- Rapoo Wireless Audio)' : 2 channels at 32 kHz using 16 bits per sample (channel mask 0x0)
[2018.05.29-14.36.28:201][306]LogInit: FAudioDevice initialized.
[2018.05.29-14.36.28:233][306]LogLoad: Game class is 'GameModeBase'
[2018.05.29-14.36.28:234][306]LogWorld: Bringing World /Game/Level_s/UEDPIE_0_Field_Main.Field_Main up for play (max tick rate 0) at 2018.05.29-17.36.28
[2018.05.29-14.36.28:235][306]LogWorld: Bringing up level for play took: 0.000560
[2018.05.29-14.36.28:235][306]PIE: Play in editor start time for /Game/Level_s/UEDPIE_0_Field_Main 0.729
[2018.05.29-14.36.28:236][306]LogBlueprintUserMessages: Late PlayInEditor Detection: Level '/Game/Level_s/Field_Main.Field_Main:PersistentLevel' has LevelScriptBlueprint '/Game/Level_s/Field_Main.Field_Main:PersistentLevel.Field_Main' with GeneratedClass '/Game/Level_s/Field_Main.Field_Main_C' with ClassGeneratedBy '/Game/Level_s/Field_Main.Field_Main:PersistentLevel.Field_Main'
[2018.05.29-14.36.34:635][ 73]LogBlueprintUserMessages: Early EndPlayMap Detection: Level '/Game/Level_s/Field_Main.Field_Main:PersistentLevel' has LevelScriptBlueprint '/Game/Level_s/Field_Main.Field_Main:PersistentLevel.Field_Main' with GeneratedClass '/Game/Level_s/Field_Main.Field_Main_C' with ClassGeneratedBy '/Game/Level_s/Field_Main.Field_Main:PersistentLevel.Field_Main'
[2018.05.29-14.36.34:666][ 73]LogBlueprintUserMessages: Late EndPlayMap Detection: Level '/Game/Level_s/Field_Main.Field_Main:PersistentLevel' has LevelScriptBlueprint '/Game/Level_s/Field_Main.Field_Main:PersistentLevel.Field_Main' with GeneratedClass '/Game/Level_s/Field_Main.Field_Main_C' with ClassGeneratedBy '/Game/Level_s/Field_Main.Field_Main:PersistentLevel.Field_Main'
[2018.05.29-14.38.29:046][988]LogActorComponent: UnregisterComponent: (/Engine/Transient.EditorFloorComp) Not registered. Aborting.
[2018.05.29-14.38.29:330][989]Cmd: QUIT_EDITOR
[2018.05.29-14.38.29:389][989]LogWindowsTextInputMethodSystem: Display: IME system now deactivated.
[2018.05.29-14.38.29:415][989]LogExit: Preparing to exit.
[2018.05.29-14.38.29:801][989]LogDirectoryWatcher: A directory notification for 'D:/Gdev/Unreal Projects/Pong/Content/' was aborted.
[2018.05.29-14.38.29:847][989]LogExit: Editor shut down
[2018.05.29-14.38.29:851][989]LogExit: Transaction tracking system shut down
[2018.05.29-14.38.29:999][989]LogDirectoryWatcher: A directory notification for '../../../Engine/Content/' was aborted.
[2018.05.29-14.38.29:999][989]LogDirectoryWatcher: A directory notification for '../../../../../Unreal Projects/Pong/Content/' was aborted.
[2018.05.29-14.38.29:999][989]LogDirectoryWatcher: A directory notification for '../../../Engine/Plugins/2D/Paper2D/Content/' was aborted.
[2018.05.29-14.38.29:999][989]LogDirectoryWatcher: A directory notification for '../../../Engine/Plugins/Media/MediaCompositing/Content/' was aborted.
[2018.05.29-14.38.29:999][989]LogDirectoryWatcher: A directory notification for '../../../Engine/Plugins/Runtime/AppleARKit/Content/' was aborted.
[2018.05.29-14.38.29:999][989]LogDirectoryWatcher: A directory notification for '../../../Engine/Plugins/Runtime/Oculus/OculusVR/Content/' was aborted.
[2018.05.29-14.38.30:000][989]LogDirectoryWatcher: A directory notification for '../../../Engine/Plugins/Runtime/Steam/SteamVR/Content/' was aborted.
[2018.05.29-14.38.30:079][989]LogExit: Object subsystem successfully closed.
[2018.05.29-14.38.30:094][989]LogD3D11RHI: Shutdown
[2018.05.29-14.38.30:094][989]LogD3D11RHI: CleanupD3DDevice
[2018.05.29-14.38.30:096][989]LogD3D11RHI: ~FD3D11DynamicRHI
[2018.05.29-14.38.30:101][989]LogModuleManager: Shutting down and abandoning module ExternalImagePicker (558)
[2018.05.29-14.38.30:101][989]LogModuleManager: Shutting down and abandoning module StatsViewer (556)
[2018.05.29-14.38.30:101][989]LogModuleManager: Shutting down and abandoning module MovieSceneCapture (554)
[2018.05.29-14.38.30:101][989]LogModuleManager: Shutting down and abandoning module MaterialEditor (552)
[2018.05.29-14.38.30:101][989]LogModuleManager: Shutting down and abandoning module BlueprintGraph (550)
[2018.05.29-14.38.30:101][989]LogModuleManager: Shutting down and abandoning module StaticMeshEditor (548)
[2018.05.29-14.38.30:101][989]LogModuleManager: Shutting down and abandoning module HierarchicalLODOutliner (546)
[2018.05.29-14.38.30:101][989]LogModuleManager: Shutting down and abandoning module SceneOutliner (544)
[2018.05.29-14.38.30:101][989]LogModuleManager: Shutting down and abandoning module AddContentDialog (542)
[2018.05.29-14.38.30:101][989]LogDirectoryWatcher: A directory notification for 'D:/Gdev/Epic Games/UE_4.18/FeaturePacks/' was aborted.
[2018.05.29-14.38.30:102][989]LogModuleManager: Shutting down and abandoning module WidgetCarousel (541)
[2018.05.29-14.38.30:102][989]LogModuleManager: Shutting down and abandoning module EditorWidgets (538)
[2018.05.29-14.38.30:102][989]LogModuleManager: Shutting down and abandoning module CollectionManager (536)
[2018.05.29-14.38.30:102][989]LogDirectoryWatcher: A directory notification for 'D:/Gdev/Unreal Projects/Pong/Content/Collections/' was aborted.
[2018.05.29-14.38.30:102][989]LogDirectoryWatcher: A directory notification for 'D:/Gdev/Unreal Projects/Pong/Content/Developers/BoGoMoL/Collections/' was aborted.
[2018.05.29-14.38.30:102][989]LogDirectoryWatcher: A directory notification for 'D:/Gdev/Unreal Projects/Pong/Saved/Collections/' was aborted.
[2018.05.29-14.38.30:102][989]LogModuleManager: Shutting down and abandoning module FoliageEdit (534)
[2018.05.29-14.38.30:103][989]LogModuleManager: Shutting down and abandoning module LandscapeEditor (532)
[2018.05.29-14.38.30:103][989]LogModuleManager: Shutting down and abandoning module MeshPaintMode (530)
[2018.05.29-14.38.30:103][989]LogModuleManager: Shutting down and abandoning module SceneDepthPickerMode (528)
[2018.05.29-14.38.30:103][989]LogModuleManager: Shutting down and abandoning module ActorPickerMode (526)
[2018.05.29-14.38.30:103][989]LogModuleManager: Shutting down and abandoning module GeometryMode (524)
[2018.05.29-14.38.30:103][989]LogModuleManager: Shutting down and abandoning module TextureAlignMode (522)
[2018.05.29-14.38.30:103][989]LogModuleManager: Shutting down and abandoning module BspMode (520)
[2018.05.29-14.38.30:103][989]LogModuleManager: Shutting down and abandoning module PIEPreviewDeviceProfileSelector (518)
[2018.05.29-14.38.30:103][989]LogModuleManager: Shutting down and abandoning module HardwareSurvey (516)
[2018.05.29-14.38.30:103][989]LogModuleManager: Shutting down and abandoning module SequenceRecorderSections (514)
[2018.05.29-14.38.30:103][989]LogModuleManager: Shutting down and abandoning module AutomationWorker (512)
[2018.05.29-14.38.30:103][989]LogModuleManager: Shutting down and abandoning module MatineeToLevelSequence (510)
[2018.05.29-14.38.30:103][989]LogModuleManager: Shutting down and abandoning module LevelSequenceEditor (508)
[2018.05.29-14.38.30:103][989]LogModuleManager: Shutting down and abandoning module PlacementMode (507)
[2018.05.29-14.38.30:103][989]LogModuleManager: Shutting down and abandoning module WmfMediaFactory (504)
[2018.05.29-14.38.30:103][989]LogModuleManager: Shutting down and abandoning module WmfMediaEditor (502)
[2018.05.29-14.38.30:103][989]LogModuleManager: Shutting down and abandoning module OpenExrWrapper (500)
[2018.05.29-14.38.30:103][989]LogModuleManager: Shutting down and abandoning module ImgMediaFactory (498)
[2018.05.29-14.38.30:103][989]LogModuleManager: Shutting down and abandoning module ImgMediaEditor (496)
[2018.05.29-14.38.30:103][989]LogModuleManager: Shutting down and abandoning module AvfMediaFactory (494)
[2018.05.29-14.38.30:103][989]LogModuleManager: Shutting down and abandoning module AvfMediaEditor (492)
[2018.05.29-14.38.30:103][989]LogModuleManager: Shutting down and abandoning module AndroidMediaFactory (490)
[2018.05.29-14.38.30:103][989]LogModuleManager: Shutting down and abandoning module AndroidMediaEditor (488)
[2018.05.29-14.38.30:103][989]LogModuleManager: Shutting down and abandoning module CharacterAI (486)
[2018.05.29-14.38.30:103][989]LogModuleManager: Shutting down and abandoning module AudioCapture (484)
[2018.05.29-14.38.30:103][989]LogModuleManager: Shutting down and abandoning module SequenceRecorder (483)
[2018.05.29-14.38.30:103][989]LogModuleManager: Shutting down and abandoning module SmartSnapping (480)
[2018.05.29-14.38.30:103][989]LogModuleManager: Shutting down and abandoning module SessionServices (478)
[2018.05.29-14.38.30:103][989]LogModuleManager: Shutting down and abandoning module ViewportSnapping (476)
[2018.05.29-14.38.30:103][989]LogModuleManager: Shutting down and abandoning module ViewportInteraction (474)
[2018.05.29-14.38.30:103][989]LogModuleManager: Shutting down and abandoning module ClothPainter (472)
[2018.05.29-14.38.30:103][989]LogModuleManager: Shutting down and abandoning module SkeletalMeshEditor (471)
[2018.05.29-14.38.30:103][989]LogModuleManager: Shutting down and abandoning module LogVisualizer (468)
[2018.05.29-14.38.30:103][989]LogModuleManager: Shutting down and abandoning module IntroTutorials (466)
[2018.05.29-14.38.30:103][989]LogModuleManager: Shutting down and abandoning module GameProjectGeneration (465)
[2018.05.29-14.38.30:103][989]LogModuleManager: Shutting down and abandoning module IOSPlatformEditor (462)
[2018.05.29-14.38.30:103][989]LogModuleManager: Shutting down and abandoning module HTML5PlatformEditor (460)
[2018.05.29-14.38.30:103][989]LogModuleManager: Shutting down and abandoning module AndroidPlatformEditor (458)
[2018.05.29-14.38.30:103][989]LogModuleManager: Shutting down and abandoning module AndroidDeviceDetection (457)
[2018.05.29-14.38.30:841][989]LogModuleManager: Shutting down and abandoning module WindowsPlatformEditor (454)
[2018.05.29-14.38.30:841][989]LogModuleManager: Shutting down and abandoning module IOSRuntimeSettings (452)
[2018.05.29-14.38.30:842][989]LogModuleManager: Shutting down and abandoning module AndroidRuntimeSettings (450)
[2018.05.29-14.38.30:842][989]LogModuleManager: Shutting down and abandoning module InputBindingEditor (448)
[2018.05.29-14.38.30:842][989]LogModuleManager: Shutting down and abandoning module MergeActors (446)
[2018.05.29-14.38.30:842][989]LogModuleManager: Shutting down and abandoning module SizeMap (444)
[2018.05.29-14.38.30:842][989]LogModuleManager: Shutting down and abandoning module TreeMap (442)
[2018.05.29-14.38.30:842][989]LogModuleManager: Shutting down and abandoning module ReferenceViewer (440)
[2018.05.29-14.38.30:842][989]LogModuleManager: Shutting down and abandoning module LocalizationDashboard (438)
[2018.05.29-14.38.30:842][989]LogModuleManager: Shutting down and abandoning module LocalizationService (437)
[2018.05.29-14.38.30:842][989]LogModuleManager: Shutting down and abandoning module HardwareTargeting (434)
[2018.05.29-14.38.30:842][989]LogModuleManager: Shutting down and abandoning module DeviceProfileEditor (432)
[2018.05.29-14.38.30:842][989]LogModuleManager: Shutting down and abandoning module UndoHistory (430)
[2018.05.29-14.38.30:842][989]LogModuleManager: Shutting down and abandoning module XmlParser (428)
[2018.05.29-14.38.30:843][989]LogModuleManager: Shutting down and abandoning module Blutility (426)
[2018.05.29-14.38.30:843][989]LogModuleManager: Shutting down and abandoning module ProjectSettingsViewer (424)
[2018.05.29-14.38.30:843][989]LogModuleManager: Shutting down and abandoning module ProjectTargetPlatformEditor (423)
[2018.05.29-14.38.30:843][989]LogModuleManager: Shutting down and abandoning module EditorSettingsViewer (420)
[2018.05.29-14.38.30:843][989]LogModuleManager: Shutting down and abandoning module SettingsEditor (418)
[2018.05.29-14.38.30:844][989]LogModuleManager: Shutting down and abandoning module ProjectLauncher (416)
[2018.05.29-14.38.30:844][989]LogModuleManager: Shutting down and abandoning module SessionFrontend (414)
[2018.05.29-14.38.30:844][989]LogModuleManager: Shutting down and abandoning module ProfilerClient (412)
[2018.05.29-14.38.30:844][989]LogModuleManager: Shutting down and abandoning module DeviceManager (410)
[2018.05.29-14.38.30:844][989]LogModuleManager: Shutting down and abandoning module TargetDeviceServices (409)
[2018.05.29-14.38.30:897][989]LogModuleManager: Shutting down and abandoning module AutomationController (406)
[2018.05.29-14.38.30:897][989]LogModuleManager: Shutting down and abandoning module AutomationWindow (404)
[2018.05.29-14.38.30:897][989]LogModuleManager: Shutting down and abandoning module Layers (402)
[2018.05.29-14.38.30:897][989]LogModuleManager: Shutting down and abandoning module ComponentVisualizers (400)
[2018.05.29-14.38.30:897][989]LogModuleManager: Shutting down and abandoning module DetailCustomizations (398)
[2018.05.29-14.38.30:897][989]LogModuleManager: Shutting down and abandoning module PackagesDialog (396)
[2018.05.29-14.38.30:897][989]LogModuleManager: Shutting down and abandoning module Persona (394)
[2018.05.29-14.38.30:897][989]LogModuleManager: Shutting down and abandoning module AdvancedPreviewScene (393)
[2018.05.29-14.38.30:898][989]LogModuleManager: Shutting down and abandoning module AnimGraph (391)
[2018.05.29-14.38.30:898][989]LogModuleManager: Shutting down and abandoning module Kismet (388)
[2018.05.29-14.38.30:917][989]LogModuleManager: Shutting down and abandoning module ClassViewer (386)
[2018.05.29-14.38.30:917][989]LogModuleManager: Shutting down and abandoning module Toolbox (384)
[2018.05.29-14.38.30:917][989]LogModuleManager: Shutting down and abandoning module ModuleUI (382)
[2018.05.29-14.38.30:917][989]LogModuleManager: Shutting down and abandoning module MovieSceneTools (380)
[2018.05.29-14.38.30:917][989]LogModuleManager: Shutting down and abandoning module OutputLog (378)
[2018.05.29-14.38.30:917][989]LogModuleManager: Shutting down and abandoning module GammaUI (376)
[2018.05.29-14.38.30:917][989]LogModuleManager: Shutting down and abandoning module Documentation (374)
[2018.05.29-14.38.30:917][989]LogModuleManager: Shutting down and abandoning module MovieSceneTracks (372)
[2018.05.29-14.38.30:917][989]LogModuleManager: Shutting down and abandoning module MovieScene (370)
[2018.05.29-14.38.30:917][989]LogModuleManager: Shutting down and abandoning module StreamingPauseRendering (368)
[2018.05.29-14.38.30:917][989]LogModuleManager: Shutting down and abandoning module LauncherPlatform (366)
[2018.05.29-14.38.30:917][989]LogModuleManager: Shutting down and abandoning module AnalyticsET (364)
[2018.05.29-14.38.30:918][989]LogModuleManager: Shutting down and abandoning module PortalServices (362)
[2018.05.29-14.38.30:918][989]LogModuleManager: Shutting down and abandoning module PortalRpc (360)
[2018.05.29-14.38.30:918][989]LogModuleManager: Shutting down and abandoning module MessagingRpc (358)
[2018.05.29-14.38.30:918][989]LogModuleManager: Shutting down and abandoning module AIModule (356)
[2018.05.29-14.38.30:918][989]LogModuleManager: Shutting down and abandoning module GameplayDebugger (355)
[2018.05.29-14.38.30:918][989]LogModuleManager: Shutting down and abandoning module AITestSuite (353)
[2018.05.29-14.38.30:918][989]LogModuleManager: Shutting down and abandoning module DesktopPlatform (350)
[2018.05.29-14.38.30:918][989]LogModuleManager: Shutting down and abandoning module ProfilerService (348)
[2018.05.29-14.38.30:957][989]LogModuleManager: Shutting down and abandoning module TaskGraph (346)
[2018.05.29-14.38.30:957][989]LogModuleManager: Shutting down and abandoning module SteamVRController (344)
[2018.05.29-14.38.30:957][989]LogModuleManager: Shutting down and abandoning module ProceduralMeshComponentEditor (342)
[2018.05.29-14.38.30:957][989]LogModuleManager: Shutting down and abandoning module ProceduralMeshComponent (340)
[2018.05.29-14.38.30:957][989]LogModuleManager: Shutting down and abandoning module OculusInput (338)
[2018.05.29-14.38.30:957][989]LogModuleManager: Shutting down and abandoning module MobilePatchingUtils (336)
[2018.05.29-14.38.30:957][989]LogModuleManager: Shutting down and abandoning module CustomMeshComponent (334)
[2018.05.29-14.38.30:957][989]LogModuleManager: Shutting down and abandoning module CableComponent (332)
[2018.05.29-14.38.30:957][989]LogModuleManager: Shutting down and abandoning module ArchVisCharacter (330)
[2018.05.29-14.38.30:958][989]LogModuleManager: Shutting down and abandoning module AndroidPermission (328)
[2018.05.29-14.38.30:958][989]LogModuleManager: Shutting down and abandoning module ActorSequence (324)
[2018.05.29-14.38.30:958][989]LogModuleManager: Shutting down and abandoning module MediaPlayerEditor (322)
[2018.05.29-14.38.30:958][989]LogModuleManager: Shutting down and abandoning module MediaCompositingEditor (320)
[2018.05.29-14.38.30:958][989]LogModuleManager: Shutting down and abandoning module MediaCompositing (318)
[2018.05.29-14.38.30:958][989]LogModuleManager: Shutting down and abandoning module HTML5Networking (316)
[2018.05.29-14.38.30:958][989]LogModuleManager: Shutting down and abandoning module AlembicImporter (314)
[2018.05.29-14.38.30:958][989]LogModuleManager: Shutting down and abandoning module AlembicLibrary (313)
[2018.05.29-14.38.30:958][989]LogModuleManager: Shutting down and abandoning module GeometryCache (312)
[2018.05.29-14.38.30:958][989]LogModuleManager: Shutting down and abandoning module GeometryCacheEd (311)
[2018.05.29-14.38.30:958][989]LogModuleManager: Shutting down and abandoning module SpeedTreeImporter (306)
[2018.05.29-14.38.30:958][989]LogModuleManager: Shutting down and abandoning module PluginBrowser (304)
[2018.05.29-14.38.30:958][989]LogModuleManager: Shutting down and abandoning module MobileLauncherProfileWizard (302)
[2018.05.29-14.38.30:958][989]LogModuleManager: Shutting down and abandoning module VisualStudioSourceCodeAccess (300)
[2018.05.29-14.38.30:958][989]LogModuleManager: Shutting down and abandoning module VisualStudioCodeSourceCodeAccess (298)
[2018.05.29-14.38.30:958][989]LogModuleManager: Shutting down and abandoning module UObjectPlugin (296)
[2018.05.29-14.38.30:958][989]LogModuleManager: Shutting down and abandoning module SubversionSourceControl (294)
[2018.05.29-14.38.30:958][989]LogModuleManager: Shutting down and abandoning module PerforceSourceControl (292)
[2018.05.29-14.38.30:959][989]LogModuleManager: Shutting down and abandoning module GitSourceControl (290)
[2018.05.29-14.38.30:959][989]LogModuleManager: Shutting down and abandoning module SourceControl (289)
[2018.05.29-14.38.30:959][989]LogModuleManager: Shutting down and abandoning module LightPropagationVolumeEditor (286)
[2018.05.29-14.38.30:959][989]LogModuleManager: Shutting down and abandoning module PaperTiledImporter (284)
[2018.05.29-14.38.30:959][989]LogModuleManager: Shutting down and abandoning module PaperSpriteSheetImporter (282)
[2018.05.29-14.38.30:959][989]LogModuleManager: Shutting down and abandoning module Paper2DEditor (280)
[2018.05.29-14.38.30:959][989]LogModuleManager: Shutting down and abandoning module MeshPaint (279)
[2018.05.29-14.38.30:959][989]LogModuleManager: Shutting down and abandoning module LevelEditor (277)
[2018.05.29-14.38.30:961][989]LogModuleManager: Shutting down and abandoning module PixelInspectorModule (276)
[2018.05.29-14.38.30:961][989]LogModuleManager: Shutting down and abandoning module MainFrame (274)
[2018.05.29-14.38.30:961][989]LogModuleManager: Shutting down and abandoning module HotReload (273)
[2018.05.29-14.38.30:961][989]LogModuleManager: Shutting down and abandoning module RuntimePhysXCooking (268)
[2018.05.29-14.38.30:961][989]LogModuleManager: Shutting down and abandoning module PhysXVehiclesEditor (266)
[2018.05.29-14.38.30:961][989]LogModuleManager: Shutting down and abandoning module PhysXVehicles (264)
[2018.05.29-14.38.30:961][989]LogModuleManager: Shutting down and abandoning module OculusEditor (262)
[2018.05.29-14.38.30:961][989]LogModuleManager: Shutting down and abandoning module LocationServicesBPLibrary (260)
[2018.05.29-14.38.30:962][989]LogModuleManager: Shutting down and abandoning module ImmediatePhysicsEditor (258)
[2018.05.29-14.38.30:962][989]LogModuleManager: Shutting down and abandoning module ImmediatePhysics (256)
[2018.05.29-14.38.30:962][989]LogModuleManager: Shutting down and abandoning module UdpMessaging (254)
[2018.05.29-14.38.31:062][989]LogModuleManager: Shutting down and abandoning module TcpMessaging (252)
[2018.05.29-14.38.31:162][989]LogModuleManager: Shutting down and abandoning module GameplayTagsEditor (250)
[2018.05.29-14.38.31:162][989]LogModuleManager: Shutting down and abandoning module FacialAnimationEditor (248)
[2018.05.29-14.38.31:162][989]LogModuleManager: Shutting down and abandoning module FacialAnimation (246)
[2018.05.29-14.38.31:162][989]LogModuleManager: Shutting down and abandoning module AssetManagerEditor (244)
[2018.05.29-14.38.31:163][989]LogModuleManager: Shutting down and abandoning module GraphEditor (243)
[2018.05.29-14.38.31:163][989]LogModuleManager: Shutting down and abandoning module ContentBrowser (241)
[2018.05.29-14.38.31:166][989]LogModuleManager: Shutting down and abandoning module LightPropagationVolumeRuntime (238)
[2018.05.29-14.38.31:166][989]LogModuleManager: Shutting down and abandoning module Paper2D (236)
[2018.05.29-14.38.31:166][989]LogModuleManager: Shutting down and abandoning module WindowsMoviePlayer (234)
[2018.05.29-14.38.31:166][989]LogModuleManager: Shutting down and abandoning module WmfMedia (232)
[2018.05.29-14.38.31:171][989]LogModuleManager: Shutting down and abandoning module ImgMedia (230)
[2018.05.29-14.38.31:171][989]LogModuleManager: Shutting down and abandoning module PacketHandler (228)
[2018.05.29-14.38.31:172][989]LogModuleManager: Shutting down and abandoning module ClothingSystemEditor (226)
[2018.05.29-14.38.31:172][989]LogModuleManager: Shutting down and abandoning module ClothingSystemRuntime (224)
[2018.05.29-14.38.31:172][989]LogModuleManager: Shutting down and abandoning module MediaAssets (222)
[2018.05.29-14.38.31:172][989]LogModuleManager: Shutting down and abandoning module Media (221)
[2018.05.29-14.38.31:179][989]LogModuleManager: Shutting down and abandoning module Overlay (218)
[2018.05.29-14.38.31:179][989]LogModuleManager: Shutting down and abandoning module OverlayEditor (217)
[2018.05.29-14.38.31:179][989]LogModuleManager: Shutting down and abandoning module VREditor (214)
[2018.05.29-14.38.31:179][989]LogModuleManager: Shutting down and abandoning module StringTableEditor (212)
[2018.05.29-14.38.31:179][989]LogModuleManager: Shutting down and abandoning module GameplayTasksEditor (210)
[2018.05.29-14.38.31:179][989]LogModuleManager: Shutting down and abandoning module BehaviorTreeEditor (208)
[2018.05.29-14.38.31:179][989]LogModuleManager: Shutting down and abandoning module FunctionalTesting (206)
[2018.05.29-14.38.31:179][989]LogModuleManager: Shutting down and abandoning module CollisionAnalyzer (204)
[2018.05.29-14.38.31:180][989]LogModuleManager: Shutting down and abandoning module WorkspaceMenuStructure (203)
[2018.05.29-14.38.31:180][989]LogModuleManager: Shutting down and abandoning module UMG (200)
[2018.05.29-14.38.31:180][989]LogModuleManager: Shutting down and abandoning module UMGEditor (199)
[2018.05.29-14.38.31:180][989]LogModuleManager: Shutting down and abandoning module Sequencer (198)
[2018.05.29-14.38.31:180][989]LogModuleManager: Shutting down and abandoning module MessageLog (195)
[2018.05.29-14.38.31:180][989]LogModuleManager: Shutting down and abandoning module SlateReflector (190)
[2018.05.29-14.38.31:180][989]LogModuleManager: Shutting down and abandoning module Slate (188)
[2018.05.29-14.38.31:180][989]LogModuleManager: Shutting down and abandoning module EditorStyle (186)
[2018.05.29-14.38.31:187][989]LogModuleManager: Shutting down and abandoning module MRMesh (184)
[2018.05.29-14.38.31:187][989]LogModuleManager: Shutting down and abandoning module SourceCodeAccess (182)
[2018.05.29-14.38.31:187][989]LogModuleManager: Shutting down and abandoning module HeadMountedDisplay (180)
[2018.05.29-14.38.31:187][989]LogModuleManager: Shutting down and abandoning module XAudio2 (178)
[2018.05.29-14.38.31:187][989]LogModuleManager: Shutting down and abandoning module Networking (176)
[2018.05.29-14.38.31:187][989]LogModuleManager: Shutting down and abandoning module Core (172)
[2018.05.29-14.38.31:187][989]LogModuleManager: Shutting down and abandoning module LevelSequence (168)
[2018.05.29-14.38.31:187][989]LogModuleManager: Shutting down and abandoning module DirectoryWatcher (166)
[2018.05.29-14.38.31:190][989]LogModuleManager: Shutting down and abandoning module KismetCompiler (164)
[2018.05.29-14.38.31:190][989]LogModuleManager: Shutting down and abandoning module MeshUtilities (162)
[2018.05.29-14.38.31:190][989]LogModuleManager: Shutting down and abandoning module MeshMergeUtilities (161)
[2018.05.29-14.38.31:190][989]LogModuleManager: Shutting down and abandoning module MeshReductionInterface (160)
[2018.05.29-14.38.31:190][989]LogModuleManager: Shutting down and abandoning module SimplygonSwarm (159)
[2018.05.29-14.38.31:190][989]LogModuleManager: Shutting down and abandoning module SimplygonMeshReduction (157)
[2018.05.29-14.38.31:190][989]LogModuleManager: Shutting down and abandoning module QuadricMeshReduction (155)
[2018.05.29-14.38.31:190][989]LogModuleManager: Shutting down and abandoning module MaterialBaking (151)
[2018.05.29-14.38.31:191][989]LogModuleManager: Shutting down and abandoning module DerivedDataCache (148)
[2018.05.29-14.38.31:214][989]LogDerivedDataCache: Shutdown
[2018.05.29-14.38.31:214][989]LogModuleManager: Shutting down and abandoning module TargetPlatform (146)
[2018.05.29-14.38.31:214][989]LogModuleManager: Shutting down and abandoning module VulkanShaderFormat (145)
[2018.05.29-14.38.31:214][989]LogModuleManager: Shutting down and abandoning module ShaderFormatVectorVM (143)
[2018.05.29-14.38.31:214][989]LogModuleManager: Shutting down and abandoning module ShaderFormatOpenGL (141)
[2018.05.29-14.38.31:214][989]LogModuleManager: Shutting down and abandoning module ShaderFormatD3D (139)
[2018.05.29-14.38.31:214][989]LogModuleManager: Shutting down and abandoning module MetalShaderFormat (137)
[2018.05.29-14.38.31:214][989]LogModuleManager: Shutting down and abandoning module TextureFormatUncompressed (135)
[2018.05.29-14.38.31:215][989]LogModuleManager: Shutting down and abandoning module TextureFormatPVR (133)
[2018.05.29-14.38.31:215][989]LogModuleManager: Shutting down and abandoning module TextureFormatDXT (131)
[2018.05.29-14.38.31:215][989]LogModuleManager: Shutting down and abandoning module TextureFormatIntelISPCTexComp (129)
[2018.05.29-14.38.31:215][989]LogModuleManager: Shutting down and abandoning module TextureFormatASTC (127)
[2018.05.29-14.38.31:215][989]LogModuleManager: Shutting down and abandoning module ImageWrapper (126)
[2018.05.29-14.38.31:215][989]LogModuleManager: Shutting down and abandoning module TextureFormatAndroid (123)
[2018.05.29-14.38.31:215][989]LogModuleManager: Shutting down and abandoning module AudioFormatOpus (121)
[2018.05.29-14.38.31:215][989]LogModuleManager: Shutting down and abandoning module AudioFormatOgg (119)
[2018.05.29-14.38.31:215][989]LogModuleManager: Shutting down and abandoning module AudioFormatADPCM (117)
[2018.05.29-14.38.31:215][989]LogModuleManager: Shutting down and abandoning module LinuxTargetPlatform (115)
[2018.05.29-14.38.31:215][989]LogModuleManager: Shutting down and abandoning module LinuxServerTargetPlatform (113)
[2018.05.29-14.38.31:216][989]LogModuleManager: Shutting down and abandoning module LinuxNoEditorTargetPlatform (111)
[2018.05.29-14.38.31:216][989]LogModuleManager: Shutting down and abandoning module LinuxClientTargetPlatform (109)
[2018.05.29-14.38.31:216][989]LogModuleManager: Shutting down and abandoning module TVOSTargetPlatform (107)
[2018.05.29-14.38.31:216][989]LogModuleManager: Shutting down and abandoning module Messaging (105)
[2018.05.29-14.38.31:216][989]LogModuleManager: Shutting down and abandoning module IOSTargetPlatform (103)
[2018.05.29-14.38.31:216][989]LogModuleManager: Shutting down and abandoning module HTML5TargetPlatform (101)
[2018.05.29-14.38.31:216][989]LogModuleManager: Shutting down and abandoning module AndroidTargetPlatform (99)
[2018.05.29-14.38.31:216][989]LogModuleManager: Shutting down and abandoning module Android_PVRTCTargetPlatform (97)
[2018.05.29-14.38.31:216][989]LogModuleManager: Shutting down and abandoning module Android_MultiTargetPlatform (95)
[2018.05.29-14.38.31:216][989]LogModuleManager: Shutting down and abandoning module Android_ETC2TargetPlatform (93)
[2018.05.29-14.38.31:217][989]LogModuleManager: Shutting down and abandoning module Android_ETC1TargetPlatform (91)
[2018.05.29-14.38.31:217][989]LogModuleManager: Shutting down and abandoning module Android_DXTTargetPlatform (89)
[2018.05.29-14.38.31:217][989]LogModuleManager: Shutting down and abandoning module Android_ATCTargetPlatform (87)
[2018.05.29-14.38.31:217][989]LogModuleManager: Shutting down and abandoning module Android_ASTCTargetPlatform (85)
[2018.05.29-14.38.31:217][989]LogModuleManager: Shutting down and abandoning module WindowsTargetPlatform (83)
[2018.05.29-14.38.31:217][989]LogModuleManager: Shutting down and abandoning module WindowsServerTargetPlatform (81)
[2018.05.29-14.38.31:217][989]LogModuleManager: Shutting down and abandoning module WindowsNoEditorTargetPlatform (79)
[2018.05.29-14.38.31:217][989]LogModuleManager: Shutting down and abandoning module WindowsClientTargetPlatform (77)
[2018.05.29-14.38.31:217][989]LogModuleManager: Shutting down and abandoning module MacTargetPlatform (75)
[2018.05.29-14.38.31:217][989]LogModuleManager: Shutting down and abandoning module MacServerTargetPlatform (73)
[2018.05.29-14.38.31:217][989]LogModuleManager: Shutting down and abandoning module MacNoEditorTargetPlatform (71)
[2018.05.29-14.38.31:217][989]LogModuleManager: Shutting down and abandoning module MacClientTargetPlatform (69)
[2018.05.29-14.38.31:218][989]LogModuleManager: Shutting down and abandoning module AllDesktopTargetPlatform (67)
[2018.05.29-14.38.31:218][989]LogModuleManager: Shutting down and abandoning module InputCore (64)
[2018.05.29-14.38.31:218][989]LogModuleManager: Shutting down and abandoning module Settings (62)
[2018.05.29-14.38.31:218][989]LogModuleManager: Shutting down and abandoning module PhysXCooking (60)
[2018.05.29-14.38.31:218][989]LogModuleManager: Shutting down and abandoning module SteamVR (58)
[2018.05.29-14.38.31:218][989]LogModuleManager: Shutting down and abandoning module OculusHMD (56)
[2018.05.29-14.38.31:218][989]LogModuleManager: Shutting down and abandoning module ExampleDeviceProfileSelector (54)
[2018.05.29-14.38.31:218][989]LogModuleManager: Shutting down and abandoning module AppleARKit (52)
[2018.05.29-14.38.31:218][989]LogModuleManager: Shutting down and abandoning module AugmentedReality (51)
[2018.05.29-14.38.31:218][989]LogModuleManager: Shutting down and abandoning module OnlineBlueprintSupport (48)
[2018.05.29-14.38.31:218][989]LogModuleManager: Shutting down and abandoning module OnlineSubsystem (44)
[2018.05.29-14.38.31:218][989]LogModuleManager: Shutting down and abandoning module XMPP (43)
[2018.05.29-14.38.31:219][989]LogModuleManager: Shutting down and abandoning module HTTP (41)
[2018.05.29-14.38.31:219][989]LogHttp: Display: Http module shutting down, but needs to wait on 1 outstanding Http requests:
[2018.05.29-14.38.31:219][989]LogHttp: Display: 	verb=[POST] url=[https://datarouter.ol.epicgames.com/datarouter/api/v1/public/data?SessionID=%7B7928A00B-487B-5317-D553-5FBCF279B7EC%7D&AppID=UEEditor.Rocket.Release&AppVersion=4.18.3-3832480%2B%2B%2BUE4%2BRelease-4.18&UserID=ae6a6094432b60311533f3a96874df84%7Cd1ee994670f6452788e36d5de16a3149%7C95a11806-e8ab-4279-9a5a-58e07f9b19cd&AppEnvironment=datacollector-binary&UploadType=eteventstream] status=Processing
[2018.05.29-14.38.31:236][989]LogModuleManager: Shutting down and abandoning module SSL (40)
[2018.05.29-14.38.31:239][989]LogModuleManager: Shutting down and abandoning module AnimationModifiers (36)
[2018.05.29-14.38.31:239][989]LogModuleManager: Shutting down and abandoning module PropertyEditor (35)
[2018.05.29-14.38.31:239][989]LogModuleManager: Shutting down and abandoning module AudioEditor (32)
[2018.05.29-14.38.31:239][989]LogModuleManager: Shutting down and abandoning module TextureCompressor (30)
[2018.05.29-14.38.31:240][989]LogModuleManager: Shutting down and abandoning module ShaderCore (28)
[2018.05.29-14.38.31:240][989]LogModuleManager: Shutting down and abandoning module Landscape (26)
[2018.05.29-14.38.31:240][989]LogModuleManager: Shutting down and abandoning module SlateRHIRenderer (24)
[2018.05.29-14.38.31:243][989]LogModuleManager: Shutting down and abandoning module OpenGLDrv (22)
[2018.05.29-14.38.31:243][989]LogModuleManager: Shutting down and abandoning module D3D11RHI (20)
[2018.05.29-14.38.31:243][989]LogModuleManager: Shutting down and abandoning module AnimGraphRuntime (18)
[2018.05.29-14.38.31:243][989]LogModuleManager: Shutting down and abandoning module Renderer (16)
[2018.05.29-14.38.31:243][989]LogModuleManager: Shutting down and abandoning module Engine (14)
[2018.05.29-14.38.31:243][989]LogModuleManager: Shutting down and abandoning module CoreUObject (12)
[2018.05.29-14.38.31:243][989]LogModuleManager: Shutting down and abandoning module NetworkFile (10)
[2018.05.29-14.38.31:243][989]LogModuleManager: Shutting down and abandoning module CookedIterativeFile (8)
[2018.05.29-14.38.31:243][989]LogModuleManager: Shutting down and abandoning module StreamingFile (6)
[2018.05.29-14.38.31:243][989]LogModuleManager: Shutting down and abandoning module SandboxFile (4)
[2018.05.29-14.38.31:243][989]LogModuleManager: Shutting down and abandoning module PakFile (2)
[2018.05.29-14.38.31:253][989]LogExit: Exiting.
[2018.05.29-14.38.31:288][989]Log file closed, 05/29/18 17:38:31
